SF:/Users/theoribeiro/Dev/tools/bake/src/baker.rs
FN:526,_RINvNCNvNtCs4EkGjsAKdp2_4bake5baker14process_output014collect_outputNtNtCsdZUiPGx2Ac9_5tokio7process11ChildStderrECs6G5DyER1L5a_4bake
FN:526,_RINvNCNvNtCs4EkGjsAKdp2_4bake5baker14process_output014collect_outputNtNtCsdZUiPGx2Ac9_5tokio7process11ChildStdoutECs6G5DyER1L5a_4bake
FN:531,_RNCINvNCNvNtCs4EkGjsAKdp2_4bake5baker14process_output014collect_outputNtNtCsdZUiPGx2Ac9_5tokio7process11ChildStderrE0Cs6G5DyER1L5a_4bake
FN:531,_RNCINvNCNvNtCs4EkGjsAKdp2_4bake5baker14process_output014collect_outputNtNtCsdZUiPGx2Ac9_5tokio7process11ChildStdoutE0Cs6G5DyER1L5a_4bake
FN:403,_RNCNCNvNtCs4EkGjsAKdp2_4bake5baker10run_recipe00Cs6G5DyER1L5a_4bake
FN:422,_RNCNCNvNtCs4EkGjsAKdp2_4bake5baker10run_recipe0s_0Cs6G5DyER1L5a_4bake
FN:563,_RNCNCNvNtCs4EkGjsAKdp2_4bake5baker14process_output00Cs6G5DyER1L5a_4bake
FN:320,_RNCNCNvNtCs4EkGjsAKdp2_4bake5baker30manage_single_recipe_execution00Cs6G5DyER1L5a_4bake
FN:85,_RNCNCNvNtCs4EkGjsAKdp2_4bake5baker4bake00Cs6G5DyER1L5a_4bake
FN:398,_RNCNvNtCs4EkGjsAKdp2_4bake5baker10run_recipe0Cs6G5DyER1L5a_4bake
FN:521,_RNCNvNtCs4EkGjsAKdp2_4bake5baker14process_output0Cs6G5DyER1L5a_4bake
FN:300,_RNCNvNtCs4EkGjsAKdp2_4bake5baker30manage_single_recipe_execution0Cs6G5DyER1L5a_4bake
FN:38,_RNCNvNtCs4EkGjsAKdp2_4bake5baker4bake0Cs6G5DyER1L5a_4bake
FN:526,_RINvNCNvNtCs4EkGjsAKdp2_4bake5baker14process_output014collect_outputpEB8_
FN:531,_RNCINvNCNvNtCs4EkGjsAKdp2_4bake5baker14process_output014collect_outputpE0Ba_
FN:403,_RNCNCNvNtCs4EkGjsAKdp2_4bake5baker10run_recipe00B7_
FN:422,_RNCNCNvNtCs4EkGjsAKdp2_4bake5baker10run_recipe0s_0B7_
FN:563,_RNCNCNvNtCs4EkGjsAKdp2_4bake5baker14process_output00B7_
FN:320,_RNCNCNvNtCs4EkGjsAKdp2_4bake5baker30manage_single_recipe_execution00B7_
FN:85,_RNCNCNvNtCs4EkGjsAKdp2_4bake5baker4bake00B7_
FN:398,_RNCNvNtCs4EkGjsAKdp2_4bake5baker10run_recipe0B5_
FN:521,_RNCNvNtCs4EkGjsAKdp2_4bake5baker14process_output0B5_
FN:300,_RNCNvNtCs4EkGjsAKdp2_4bake5baker30manage_single_recipe_execution0B5_
FN:38,_RNCNvNtCs4EkGjsAKdp2_4bake5baker4bake0B5_
FN:394,_RNvNtCs4EkGjsAKdp2_4bake5baker10run_recipe
FN:589,_RNvNtCs4EkGjsAKdp2_4bake5baker14println_recipe
FN:515,_RNvNtCs4EkGjsAKdp2_4bake5baker14process_output
FN:483,_RNvNtCs4EkGjsAKdp2_4bake5baker18name_to_term_color
FN:254,_RNvNtCs4EkGjsAKdp2_4bake5baker21process_final_results
FN:219,_RNvNtCs4EkGjsAKdp2_4bake5baker26handle_fast_fail_for_level
FN:294,_RNvNtCs4EkGjsAKdp2_4bake5baker30manage_single_recipe_execution
FN:33,_RNvNtCs4EkGjsAKdp2_4bake5baker4bake
FN:261,_RNCNvNtCs4EkGjsAKdp2_4bake5baker21process_final_results0B5_
FN:264,_RNCNvNtCs4EkGjsAKdp2_4bake5baker21process_final_resultss_0B5_
FN:225,_RNCNvNtCs4EkGjsAKdp2_4bake5baker26handle_fast_fail_for_level0B5_
FN:229,_RNCNvNtCs4EkGjsAKdp2_4bake5baker26handle_fast_fail_for_levels0_0B5_
FN:228,_RNCNvNtCs4EkGjsAKdp2_4bake5baker26handle_fast_fail_for_levels_0B5_
FN:526,_RINvNCNvNtCs1lk7uXtNODC_4bake5baker14process_output014collect_outputNtNtCsdZUiPGx2Ac9_5tokio7process11ChildStderrEB8_
FN:526,_RINvNCNvNtCs1lk7uXtNODC_4bake5baker14process_output014collect_outputNtNtCsdZUiPGx2Ac9_5tokio7process11ChildStdoutEB8_
FN:531,_RNCINvNCNvNtCs1lk7uXtNODC_4bake5baker14process_output014collect_outputNtNtCsdZUiPGx2Ac9_5tokio7process11ChildStderrE0Ba_
FN:531,_RNCINvNCNvNtCs1lk7uXtNODC_4bake5baker14process_output014collect_outputNtNtCsdZUiPGx2Ac9_5tokio7process11ChildStdoutE0Ba_
FN:403,_RNCNCNvNtCs1lk7uXtNODC_4bake5baker10run_recipe00B7_
FN:422,_RNCNCNvNtCs1lk7uXtNODC_4bake5baker10run_recipe0s_0B7_
FN:563,_RNCNCNvNtCs1lk7uXtNODC_4bake5baker14process_output00B7_
FN:320,_RNCNCNvNtCs1lk7uXtNODC_4bake5baker30manage_single_recipe_execution00B7_
FN:85,_RNCNCNvNtCs1lk7uXtNODC_4bake5baker4bake00B7_
FN:398,_RNCNvNtCs1lk7uXtNODC_4bake5baker10run_recipe0B5_
FN:521,_RNCNvNtCs1lk7uXtNODC_4bake5baker14process_output0B5_
FN:261,_RNCNvNtCs1lk7uXtNODC_4bake5baker21process_final_results0B5_
FN:264,_RNCNvNtCs1lk7uXtNODC_4bake5baker21process_final_resultss_0B5_
FN:225,_RNCNvNtCs1lk7uXtNODC_4bake5baker26handle_fast_fail_for_level0B5_
FN:229,_RNCNvNtCs1lk7uXtNODC_4bake5baker26handle_fast_fail_for_levels0_0B5_
FN:228,_RNCNvNtCs1lk7uXtNODC_4bake5baker26handle_fast_fail_for_levels_0B5_
FN:300,_RNCNvNtCs1lk7uXtNODC_4bake5baker30manage_single_recipe_execution0B5_
FN:38,_RNCNvNtCs1lk7uXtNODC_4bake5baker4bake0B5_
FN:394,_RNvNtCs1lk7uXtNODC_4bake5baker10run_recipe
FN:589,_RNvNtCs1lk7uXtNODC_4bake5baker14println_recipe
FN:515,_RNvNtCs1lk7uXtNODC_4bake5baker14process_output
FN:483,_RNvNtCs1lk7uXtNODC_4bake5baker18name_to_term_color
FN:254,_RNvNtCs1lk7uXtNODC_4bake5baker21process_final_results
FN:219,_RNvNtCs1lk7uXtNODC_4bake5baker26handle_fast_fail_for_level
FN:294,_RNvNtCs1lk7uXtNODC_4bake5baker30manage_single_recipe_execution
FN:33,_RNvNtCs1lk7uXtNODC_4bake5baker4bake
FN:526,_RINvNCNvNtCs4EkGjsAKdp2_4bake5baker14process_output014collect_outputNtNtCsdZUiPGx2Ac9_5tokio7process11ChildStderrECs7jFFKzxOOLS_11baker_tests
FN:526,_RINvNCNvNtCs4EkGjsAKdp2_4bake5baker14process_output014collect_outputNtNtCsdZUiPGx2Ac9_5tokio7process11ChildStdoutECs7jFFKzxOOLS_11baker_tests
FN:531,_RNCINvNCNvNtCs4EkGjsAKdp2_4bake5baker14process_output014collect_outputNtNtCsdZUiPGx2Ac9_5tokio7process11ChildStderrE0Cs7jFFKzxOOLS_11baker_tests
FN:531,_RNCINvNCNvNtCs4EkGjsAKdp2_4bake5baker14process_output014collect_outputNtNtCsdZUiPGx2Ac9_5tokio7process11ChildStdoutE0Cs7jFFKzxOOLS_11baker_tests
FN:403,_RNCNCNvNtCs4EkGjsAKdp2_4bake5baker10run_recipe00Cs7jFFKzxOOLS_11baker_tests
FN:422,_RNCNCNvNtCs4EkGjsAKdp2_4bake5baker10run_recipe0s_0Cs7jFFKzxOOLS_11baker_tests
FN:563,_RNCNCNvNtCs4EkGjsAKdp2_4bake5baker14process_output00Cs7jFFKzxOOLS_11baker_tests
FN:320,_RNCNCNvNtCs4EkGjsAKdp2_4bake5baker30manage_single_recipe_execution00Cs7jFFKzxOOLS_11baker_tests
FN:85,_RNCNCNvNtCs4EkGjsAKdp2_4bake5baker4bake00Cs7jFFKzxOOLS_11baker_tests
FN:398,_RNCNvNtCs4EkGjsAKdp2_4bake5baker10run_recipe0Cs7jFFKzxOOLS_11baker_tests
FN:521,_RNCNvNtCs4EkGjsAKdp2_4bake5baker14process_output0Cs7jFFKzxOOLS_11baker_tests
FN:300,_RNCNvNtCs4EkGjsAKdp2_4bake5baker30manage_single_recipe_execution0Cs7jFFKzxOOLS_11baker_tests
FN:38,_RNCNvNtCs4EkGjsAKdp2_4bake5baker4bake0Cs7jFFKzxOOLS_11baker_tests
FNDA:0,_RINvNCNvNtCs4EkGjsAKdp2_4bake5baker14process_output014collect_outputNtNtCsdZUiPGx2Ac9_5tokio7process11ChildStderrECs6G5DyER1L5a_4bake
FNDA:0,_RINvNCNvNtCs4EkGjsAKdp2_4bake5baker14process_output014collect_outputNtNtCsdZUiPGx2Ac9_5tokio7process11ChildStdoutECs6G5DyER1L5a_4bake
FNDA:0,_RNCINvNCNvNtCs4EkGjsAKdp2_4bake5baker14process_output014collect_outputNtNtCsdZUiPGx2Ac9_5tokio7process11ChildStderrE0Cs6G5DyER1L5a_4bake
FNDA:0,_RNCINvNCNvNtCs4EkGjsAKdp2_4bake5baker14process_output014collect_outputNtNtCsdZUiPGx2Ac9_5tokio7process11ChildStdoutE0Cs6G5DyER1L5a_4bake
FNDA:0,_RNCNCNvNtCs4EkGjsAKdp2_4bake5baker10run_recipe00Cs6G5DyER1L5a_4bake
FNDA:0,_RNCNCNvNtCs4EkGjsAKdp2_4bake5baker10run_recipe0s_0Cs6G5DyER1L5a_4bake
FNDA:0,_RNCNCNvNtCs4EkGjsAKdp2_4bake5baker14process_output00Cs6G5DyER1L5a_4bake
FNDA:0,_RNCNCNvNtCs4EkGjsAKdp2_4bake5baker30manage_single_recipe_execution00Cs6G5DyER1L5a_4bake
FNDA:0,_RNCNCNvNtCs4EkGjsAKdp2_4bake5baker4bake00Cs6G5DyER1L5a_4bake
FNDA:0,_RNCNvNtCs4EkGjsAKdp2_4bake5baker10run_recipe0Cs6G5DyER1L5a_4bake
FNDA:0,_RNCNvNtCs4EkGjsAKdp2_4bake5baker14process_output0Cs6G5DyER1L5a_4bake
FNDA:0,_RNCNvNtCs4EkGjsAKdp2_4bake5baker30manage_single_recipe_execution0Cs6G5DyER1L5a_4bake
FNDA:0,_RNCNvNtCs4EkGjsAKdp2_4bake5baker4bake0Cs6G5DyER1L5a_4bake
FNDA:0,_RINvNCNvNtCs4EkGjsAKdp2_4bake5baker14process_output014collect_outputpEB8_
FNDA:0,_RNCINvNCNvNtCs4EkGjsAKdp2_4bake5baker14process_output014collect_outputpE0Ba_
FNDA:0,_RNCNCNvNtCs4EkGjsAKdp2_4bake5baker10run_recipe00B7_
FNDA:0,_RNCNCNvNtCs4EkGjsAKdp2_4bake5baker10run_recipe0s_0B7_
FNDA:0,_RNCNCNvNtCs4EkGjsAKdp2_4bake5baker14process_output00B7_
FNDA:0,_RNCNCNvNtCs4EkGjsAKdp2_4bake5baker30manage_single_recipe_execution00B7_
FNDA:0,_RNCNCNvNtCs4EkGjsAKdp2_4bake5baker4bake00B7_
FNDA:0,_RNCNvNtCs4EkGjsAKdp2_4bake5baker10run_recipe0B5_
FNDA:0,_RNCNvNtCs4EkGjsAKdp2_4bake5baker14process_output0B5_
FNDA:0,_RNCNvNtCs4EkGjsAKdp2_4bake5baker30manage_single_recipe_execution0B5_
FNDA:0,_RNCNvNtCs4EkGjsAKdp2_4bake5baker4bake0B5_
FNDA:21,_RNvNtCs4EkGjsAKdp2_4bake5baker10run_recipe
FNDA:18,_RNvNtCs4EkGjsAKdp2_4bake5baker14println_recipe
FNDA:21,_RNvNtCs4EkGjsAKdp2_4bake5baker14process_output
FNDA:18,_RNvNtCs4EkGjsAKdp2_4bake5baker18name_to_term_color
FNDA:7,_RNvNtCs4EkGjsAKdp2_4bake5baker21process_final_results
FNDA:1,_RNvNtCs4EkGjsAKdp2_4bake5baker26handle_fast_fail_for_level
FNDA:21,_RNvNtCs4EkGjsAKdp2_4bake5baker30manage_single_recipe_execution
FNDA:8,_RNvNtCs4EkGjsAKdp2_4bake5baker4bake
FNDA:0,_RNCNvNtCs4EkGjsAKdp2_4bake5baker21process_final_results0B5_
FNDA:0,_RNCNvNtCs4EkGjsAKdp2_4bake5baker21process_final_resultss_0B5_
FNDA:0,_RNCNvNtCs4EkGjsAKdp2_4bake5baker26handle_fast_fail_for_level0B5_
FNDA:1,_RNCNvNtCs4EkGjsAKdp2_4bake5baker26handle_fast_fail_for_levels0_0B5_
FNDA:1,_RNCNvNtCs4EkGjsAKdp2_4bake5baker26handle_fast_fail_for_levels_0B5_
FNDA:0,_RINvNCNvNtCs1lk7uXtNODC_4bake5baker14process_output014collect_outputNtNtCsdZUiPGx2Ac9_5tokio7process11ChildStderrEB8_
FNDA:0,_RINvNCNvNtCs1lk7uXtNODC_4bake5baker14process_output014collect_outputNtNtCsdZUiPGx2Ac9_5tokio7process11ChildStdoutEB8_
FNDA:0,_RNCINvNCNvNtCs1lk7uXtNODC_4bake5baker14process_output014collect_outputNtNtCsdZUiPGx2Ac9_5tokio7process11ChildStderrE0Ba_
FNDA:0,_RNCINvNCNvNtCs1lk7uXtNODC_4bake5baker14process_output014collect_outputNtNtCsdZUiPGx2Ac9_5tokio7process11ChildStdoutE0Ba_
FNDA:0,_RNCNCNvNtCs1lk7uXtNODC_4bake5baker10run_recipe00B7_
FNDA:0,_RNCNCNvNtCs1lk7uXtNODC_4bake5baker10run_recipe0s_0B7_
FNDA:0,_RNCNCNvNtCs1lk7uXtNODC_4bake5baker14process_output00B7_
FNDA:0,_RNCNCNvNtCs1lk7uXtNODC_4bake5baker30manage_single_recipe_execution00B7_
FNDA:0,_RNCNCNvNtCs1lk7uXtNODC_4bake5baker4bake00B7_
FNDA:0,_RNCNvNtCs1lk7uXtNODC_4bake5baker10run_recipe0B5_
FNDA:0,_RNCNvNtCs1lk7uXtNODC_4bake5baker14process_output0B5_
FNDA:0,_RNCNvNtCs1lk7uXtNODC_4bake5baker21process_final_results0B5_
FNDA:0,_RNCNvNtCs1lk7uXtNODC_4bake5baker21process_final_resultss_0B5_
FNDA:0,_RNCNvNtCs1lk7uXtNODC_4bake5baker26handle_fast_fail_for_level0B5_
FNDA:0,_RNCNvNtCs1lk7uXtNODC_4bake5baker26handle_fast_fail_for_levels0_0B5_
FNDA:0,_RNCNvNtCs1lk7uXtNODC_4bake5baker26handle_fast_fail_for_levels_0B5_
FNDA:0,_RNCNvNtCs1lk7uXtNODC_4bake5baker30manage_single_recipe_execution0B5_
FNDA:0,_RNCNvNtCs1lk7uXtNODC_4bake5baker4bake0B5_
FNDA:0,_RNvNtCs1lk7uXtNODC_4bake5baker10run_recipe
FNDA:0,_RNvNtCs1lk7uXtNODC_4bake5baker14println_recipe
FNDA:0,_RNvNtCs1lk7uXtNODC_4bake5baker14process_output
FNDA:0,_RNvNtCs1lk7uXtNODC_4bake5baker18name_to_term_color
FNDA:0,_RNvNtCs1lk7uXtNODC_4bake5baker21process_final_results
FNDA:0,_RNvNtCs1lk7uXtNODC_4bake5baker26handle_fast_fail_for_level
FNDA:0,_RNvNtCs1lk7uXtNODC_4bake5baker30manage_single_recipe_execution
FNDA:0,_RNvNtCs1lk7uXtNODC_4bake5baker4bake
FNDA:21,_RINvNCNvNtCs4EkGjsAKdp2_4bake5baker14process_output014collect_outputNtNtCsdZUiPGx2Ac9_5tokio7process11ChildStderrECs7jFFKzxOOLS_11baker_tests
FNDA:21,_RINvNCNvNtCs4EkGjsAKdp2_4bake5baker14process_output014collect_outputNtNtCsdZUiPGx2Ac9_5tokio7process11ChildStdoutECs7jFFKzxOOLS_11baker_tests
FNDA:21,_RNCINvNCNvNtCs4EkGjsAKdp2_4bake5baker14process_output014collect_outputNtNtCsdZUiPGx2Ac9_5tokio7process11ChildStderrE0Cs7jFFKzxOOLS_11baker_tests
FNDA:21,_RNCINvNCNvNtCs4EkGjsAKdp2_4bake5baker14process_output014collect_outputNtNtCsdZUiPGx2Ac9_5tokio7process11ChildStdoutE0Cs7jFFKzxOOLS_11baker_tests
FNDA:0,_RNCNCNvNtCs4EkGjsAKdp2_4bake5baker10run_recipe00Cs7jFFKzxOOLS_11baker_tests
FNDA:0,_RNCNCNvNtCs4EkGjsAKdp2_4bake5baker10run_recipe0s_0Cs7jFFKzxOOLS_11baker_tests
FNDA:0,_RNCNCNvNtCs4EkGjsAKdp2_4bake5baker14process_output00Cs7jFFKzxOOLS_11baker_tests
FNDA:21,_RNCNCNvNtCs4EkGjsAKdp2_4bake5baker30manage_single_recipe_execution00Cs7jFFKzxOOLS_11baker_tests
FNDA:21,_RNCNCNvNtCs4EkGjsAKdp2_4bake5baker4bake00Cs7jFFKzxOOLS_11baker_tests
FNDA:21,_RNCNvNtCs4EkGjsAKdp2_4bake5baker10run_recipe0Cs7jFFKzxOOLS_11baker_tests
FNDA:21,_RNCNvNtCs4EkGjsAKdp2_4bake5baker14process_output0Cs7jFFKzxOOLS_11baker_tests
FNDA:21,_RNCNvNtCs4EkGjsAKdp2_4bake5baker30manage_single_recipe_execution0Cs7jFFKzxOOLS_11baker_tests
FNDA:8,_RNCNvNtCs4EkGjsAKdp2_4bake5baker4bake0Cs7jFFKzxOOLS_11baker_tests
FNF:24
FNH:18
DA:33,8
DA:34,8
DA:35,8
DA:36,8
DA:37,8
DA:38,8
DA:40,8
DA:42,8
DA:43,0
DA:44,0
DA:45,8
DA:48,8
DA:49,0
DA:50,8
DA:52,8
DA:53,8
DA:54,8
DA:55,8
DA:57,8
DA:58,8
DA:60,10
DA:61,10
DA:62,0
DA:63,10
DA:64,10
DA:65,0
DA:67,0
DA:70,10
DA:71,10
DA:73,31
DA:74,21
DA:75,21
DA:76,21
DA:77,21
DA:78,21
DA:82,21
DA:83,21
DA:85,21
DA:86,21
DA:87,21
DA:88,21
DA:90,0
DA:91,0
DA:92,0
DA:93,0
DA:94,0
DA:95,0
DA:96,0
DA:97,0
DA:98,0
DA:103,21
DA:104,15
DA:105,15
DA:106,15
DA:107,15
DA:108,15
DA:109,15
DA:111,6
DA:114,21
DA:117,21
DA:119,21
DA:120,0
DA:121,0
DA:122,0
DA:123,0
DA:124,0
DA:125,0
DA:126,0
DA:127,0
DA:128,0
DA:129,0
DA:130,0
DA:133,21
DA:134,21
DA:135,21
DA:136,21
DA:137,21
DA:138,21
DA:139,19
DA:142,19
DA:143,19
DA:144,19
DA:145,19
DA:146,19
DA:147,19
DA:148,19
DA:152,10
DA:153,28
DA:156,28
DA:157,0
DA:158,0
DA:159,0
DA:161,0
DA:162,0
DA:163,0
DA:164,0
DA:167,28
DA:169,19
DA:170,19
DA:171,19
DA:172,19
DA:173,1
DA:174,1
DA:175,1
DA:176,1
DA:177,1
DA:178,1
DA:179,1
DA:180,18
DA:182,0
DA:183,0
DA:184,0
DA:185,0
DA:186,0
DA:187,0
DA:188,0
DA:189,0
DA:190,0
DA:191,0
DA:192,0
DA:193,0
DA:197,19
DA:198,1
DA:199,18
DA:201,10
DA:203,12
DA:204,10
DA:207,10
DA:208,1
DA:209,9
DA:213,7
DA:215,7
DA:216,8
DA:219,1
DA:220,1
DA:221,1
DA:222,1
DA:223,1
DA:224,1
DA:225,1
DA:226,1
DA:227,1
DA:228,1
DA:229,1
DA:230,1
DA:231,1
DA:233,1
DA:235,1
DA:236,1
DA:238,1
DA:239,1
DA:240,1
DA:241,1
DA:242,1
DA:244,1
DA:249,0
DA:251,1
DA:254,7
DA:255,7
DA:256,7
DA:257,7
DA:258,7
DA:259,0
DA:260,0
DA:261,0
DA:262,0
DA:263,0
DA:264,0
DA:265,0
DA:266,0
DA:267,0
DA:268,0
DA:269,0
DA:270,0
DA:272,0
DA:274,0
DA:275,0
DA:277,0
DA:278,0
DA:279,0
DA:280,0
DA:281,0
DA:287,0
DA:289,7
DA:290,7
DA:291,7
DA:294,21
DA:295,21
DA:296,21
DA:297,21
DA:298,21
DA:299,21
DA:300,21
DA:301,21
DA:302,21
DA:303,21
DA:304,21
DA:305,21
DA:307,21
DA:309,21
DA:310,0
DA:311,0
DA:312,0
DA:313,0
DA:314,0
DA:315,0
DA:316,0
DA:317,0
DA:318,0
DA:320,21
DA:322,21
DA:323,0
DA:325,0
DA:326,0
DA:327,0
DA:328,0
DA:329,0
DA:330,0
DA:331,0
DA:332,0
DA:333,0
DA:334,0
DA:335,0
DA:338,0
DA:342,21
DA:345,21
DA:346,21
DA:347,15
DA:348,15
DA:349,21
DA:350,21
DA:351,21
DA:352,21
DA:353,21
DA:355,18
DA:356,18
DA:357,0
DA:358,0
DA:359,0
DA:360,0
DA:361,18
DA:362,18
DA:363,12
DA:364,12
DA:365,12
DA:366,12
DA:367,12
DA:368,12
DA:370,1
DA:371,1
DA:372,1
DA:373,1
DA:374,1
DA:375,1
DA:376,1
DA:377,1
DA:378,1
DA:379,1
DA:382,19
DA:384,19
DA:385,19
DA:394,21
DA:395,21
DA:396,21
DA:397,21
DA:398,21
DA:399,21
DA:400,21
DA:401,21
DA:402,21
DA:403,21
DA:404,21
DA:406,21
DA:407,21
DA:408,0
DA:410,21
DA:413,21
DA:414,21
DA:415,21
DA:416,6
DA:417,6
DA:418,6
DA:420,15
DA:421,21
DA:422,21
DA:423,0
DA:424,0
DA:425,0
DA:427,0
DA:428,21
DA:429,21
DA:430,21
DA:431,21
DA:432,21
DA:434,21
DA:435,21
DA:436,21
DA:437,21
DA:438,21
DA:439,21
DA:440,21
DA:441,21
DA:442,21
DA:443,21
DA:444,21
DA:446,21
DA:447,19
DA:448,1
DA:449,1
DA:450,1
DA:451,1
DA:452,1
DA:453,18
DA:454,0
DA:455,18
DA:456,0
DA:457,0
DA:458,0
DA:459,0
DA:460,0
DA:461,18
DA:463,0
DA:464,0
DA:465,0
DA:466,0
DA:467,0
DA:468,0
DA:471,18
DA:472,18
DA:473,6
DA:474,6
DA:475,6
DA:477,12
DA:478,18
DA:479,19
DA:483,18
DA:487,18
DA:488,18
DA:489,18
DA:490,18
DA:493,18
DA:494,0
DA:495,18
DA:496,18
DA:497,15
DA:500,18
DA:501,18
DA:515,21
DA:516,21
DA:517,21
DA:518,21
DA:519,21
DA:520,21
DA:521,21
DA:522,21
DA:523,21
DA:526,42
DA:527,42
DA:528,42
DA:529,42
DA:530,42
DA:531,42
DA:532,42
DA:533,60
DA:534,18
DA:535,6
DA:536,12
DA:537,18
DA:538,18
DA:539,18
DA:541,38
DA:543,21
DA:544,21
DA:545,21
DA:546,21
DA:547,21
DA:550,21
DA:551,21
DA:552,21
DA:553,21
DA:554,21
DA:557,59
DA:559,19
DA:560,18
DA:561,18
DA:562,18
DA:563,18
DA:564,18
DA:565,18
DA:566,18
DA:567,0
DA:568,0
DA:569,0
DA:570,0
DA:571,0
DA:572,0
DA:573,18
DA:575,0
DA:576,0
DA:577,0
DA:578,0
DA:579,0
DA:580,0
DA:581,0
DA:585,18
DA:586,18
DA:589,18
DA:590,18
DA:591,18
DA:592,18
DA:593,18
BRF:0
BRH:0
LF:427
LH:296
end_of_record
SF:/Users/theoribeiro/Dev/tools/bake/src/cache/builder.rs
FN:64,_RNCNvMNtNtCs4EkGjsAKdp2_4bake5cache7builderNtB4_12CacheBuilder17build_for_recipes0Cs6G5DyER1L5a_4bake
FN:64,_RNCNvMNtNtCs4EkGjsAKdp2_4bake5cache7builderNtB4_12CacheBuilder17build_for_recipes0B8_
FN:37,_RINvMNtNtCs4EkGjsAKdp2_4bake5cache7builderNtB3_12CacheBuilder12add_strategyNvYNtNtB5_2s315S3CacheStrategyNtB5_13CacheStrategy11from_configEB7_
FN:37,_RINvMNtNtCs4EkGjsAKdp2_4bake5cache7builderNtB3_12CacheBuilder12add_strategyNvYNtNtB5_3gcs16GcsCacheStrategyNtB5_13CacheStrategy11from_configEB7_
FN:37,_RINvMNtNtCs4EkGjsAKdp2_4bake5cache7builderNtB3_12CacheBuilder12add_strategyNvYNtNtB5_5local18LocalCacheStrategyNtB5_13CacheStrategy11from_configEB7_
FN:64,_RNvMNtNtCs4EkGjsAKdp2_4bake5cache7builderNtB2_12CacheBuilder17build_for_recipes
FN:30,_RNvMNtNtCs4EkGjsAKdp2_4bake5cache7builderNtB2_12CacheBuilder18default_strategies
FN:50,_RNvMNtNtCs4EkGjsAKdp2_4bake5cache7builderNtB2_12CacheBuilder28calculate_hashes_for_recipes
FN:23,_RNvMNtNtCs4EkGjsAKdp2_4bake5cache7builderNtB2_12CacheBuilder3new
FN:37,_RINvMNtNtCs1lk7uXtNODC_4bake5cache7builderNtB3_12CacheBuilder12add_strategyNvYNtNtB3_5tests17TestCacheStrategyNtB5_13CacheStrategy11from_configEB7_
FN:37,_RINvMNtNtCs1lk7uXtNODC_4bake5cache7builderNtB3_12CacheBuilder12add_strategyNvYNtNtB5_2s315S3CacheStrategyNtB5_13CacheStrategy11from_configEB7_
FN:37,_RINvMNtNtCs1lk7uXtNODC_4bake5cache7builderNtB3_12CacheBuilder12add_strategyNvYNtNtB5_3gcs16GcsCacheStrategyNtB5_13CacheStrategy11from_configEB7_
FN:37,_RINvMNtNtCs1lk7uXtNODC_4bake5cache7builderNtB3_12CacheBuilder12add_strategyNvYNtNtB5_4test17TestCacheStrategyNtB5_13CacheStrategy11from_configEB7_
FN:37,_RINvMNtNtCs1lk7uXtNODC_4bake5cache7builderNtB3_12CacheBuilder12add_strategyNvYNtNtB5_5local18LocalCacheStrategyNtB5_13CacheStrategy11from_configEB7_
FN:64,_RNCNvMNtNtCs1lk7uXtNODC_4bake5cache7builderNtB4_12CacheBuilder17build_for_recipes0B8_
FN:118,_RNvNtNtNtCs1lk7uXtNODC_4bake5cache7builder5tests19create_test_project
FN:172,_RNvNtNtNtCs1lk7uXtNODC_4bake5cache7builder5testss_22test_new_cache_builder
FN:198,_RNvNtNtNtCs1lk7uXtNODC_4bake5cache7builder5testss_28test_build_with_config_order
FN:179,_RNvNtNtNtCs1lk7uXtNODC_4bake5cache7builder5testss_29test_default_strategies_added
FN:189,_RNvNtNtNtCs1lk7uXtNODC_4bake5cache7builder5testss_30test_add_custom_strategy_added
FN:270,_RNvNtNtNtCs1lk7uXtNODC_4bake5cache7builder5testss_33test_build_for_recipes_empty_list
FN:255,_RNvNtNtNtCs1lk7uXtNODC_4bake5cache7builder5testss_34test_build_for_recipes_with_subset
FN:217,_RNvNtNtNtCs1lk7uXtNODC_4bake5cache7builder5testss_40test_build_with_default_order_local_only
FN:285,_RNvNtNtNtCs1lk7uXtNODC_4bake5cache7builder5testss_40test_calculate_hashes_for_recipes_direct
FN:236,_RNvNtNtNtCs1lk7uXtNODC_4bake5cache7builder5testss_44test_build_with_default_order_s3_gcs_enabled
FN:300,_RNvNtNtNtCs1lk7uXtNODC_4bake5cache7builder5testss_45test_build_fails_on_missing_strategy_in_order
FN:156,_RNvNtNtNtCs1lk7uXtNODC_4bake5cache7builder5testss_5build
FN:150,_RNvXs1_NtNtNtCs1lk7uXtNODC_4bake5cache7builder5testsNtB5_17TestCacheStrategyNtB9_13CacheStrategy11from_config
FN:140,_RNvXs1_NtNtNtCs1lk7uXtNODC_4bake5cache7builder5testsNtB5_17TestCacheStrategyNtB9_13CacheStrategy3get
FN:146,_RNvXs1_NtNtNtCs1lk7uXtNODC_4bake5cache7builder5testsNtB5_17TestCacheStrategyNtB9_13CacheStrategy3put
FN:172,_RNCNvNtNtNtCs1lk7uXtNODC_4bake5cache7builder5testss_22test_new_cache_builder0B9_
FN:198,_RNCNvNtNtNtCs1lk7uXtNODC_4bake5cache7builder5testss_28test_build_with_config_order0B9_
FN:179,_RNCNvNtNtNtCs1lk7uXtNODC_4bake5cache7builder5testss_29test_default_strategies_added0B9_
FN:189,_RNCNvNtNtNtCs1lk7uXtNODC_4bake5cache7builder5testss_30test_add_custom_strategy_added0B9_
FN:270,_RNCNvNtNtNtCs1lk7uXtNODC_4bake5cache7builder5testss_33test_build_for_recipes_empty_list0B9_
FN:255,_RNCNvNtNtNtCs1lk7uXtNODC_4bake5cache7builder5testss_34test_build_for_recipes_with_subset0B9_
FN:217,_RNCNvNtNtNtCs1lk7uXtNODC_4bake5cache7builder5testss_40test_build_with_default_order_local_only0B9_
FN:285,_RNCNvNtNtNtCs1lk7uXtNODC_4bake5cache7builder5testss_40test_calculate_hashes_for_recipes_direct0B9_
FN:236,_RNCNvNtNtNtCs1lk7uXtNODC_4bake5cache7builder5testss_44test_build_with_default_order_s3_gcs_enabled0B9_
FN:300,_RNCNvNtNtNtCs1lk7uXtNODC_4bake5cache7builder5testss_45test_build_fails_on_missing_strategy_in_order0B9_
FN:156,_RNCNvNtNtNtCs1lk7uXtNODC_4bake5cache7builder5testss_5build0B9_
FN:150,_RNCNvXs1_NtNtNtCs1lk7uXtNODC_4bake5cache7builder5testsNtB7_17TestCacheStrategyNtBb_13CacheStrategy11from_config0Bd_
FN:140,_RNCNvXs1_NtNtNtCs1lk7uXtNODC_4bake5cache7builder5testsNtB7_17TestCacheStrategyNtBb_13CacheStrategy3get0Bd_
FN:146,_RNCNvXs1_NtNtNtCs1lk7uXtNODC_4bake5cache7builder5testsNtB7_17TestCacheStrategyNtBb_13CacheStrategy3put0Bd_
FN:64,_RNvMNtNtCs1lk7uXtNODC_4bake5cache7builderNtB2_12CacheBuilder17build_for_recipes
FN:30,_RNvMNtNtCs1lk7uXtNODC_4bake5cache7builderNtB2_12CacheBuilder18default_strategies
FN:50,_RNvMNtNtCs1lk7uXtNODC_4bake5cache7builderNtB2_12CacheBuilder28calculate_hashes_for_recipes
FN:23,_RNvMNtNtCs1lk7uXtNODC_4bake5cache7builderNtB2_12CacheBuilder3new
FN:37,_RINvMNtNtCs4EkGjsAKdp2_4bake5cache7builderNtB3_12CacheBuilder12add_strategyNvYNtCs7jFFKzxOOLS_11baker_tests17TestCacheStrategyNtB5_13CacheStrategy11from_configEB1g_
FN:64,_RNCNvMNtNtCs4EkGjsAKdp2_4bake5cache7builderNtB4_12CacheBuilder17build_for_recipes0Cs7jFFKzxOOLS_11baker_tests
FN:64,_RNCNvMNtNtCs4EkGjsAKdp2_4bake5cache7builderNtB4_12CacheBuilder17build_for_recipes0Cs84hT2GWzdHm_11cache_tests
FNDA:0,_RNCNvMNtNtCs4EkGjsAKdp2_4bake5cache7builderNtB4_12CacheBuilder17build_for_recipes0Cs6G5DyER1L5a_4bake
FNDA:0,_RNCNvMNtNtCs4EkGjsAKdp2_4bake5cache7builderNtB4_12CacheBuilder17build_for_recipes0B8_
FNDA:3,_RINvMNtNtCs4EkGjsAKdp2_4bake5cache7builderNtB3_12CacheBuilder12add_strategyNvYNtNtB5_2s315S3CacheStrategyNtB5_13CacheStrategy11from_configEB7_
FNDA:3,_RINvMNtNtCs4EkGjsAKdp2_4bake5cache7builderNtB3_12CacheBuilder12add_strategyNvYNtNtB5_3gcs16GcsCacheStrategyNtB5_13CacheStrategy11from_configEB7_
FNDA:3,_RINvMNtNtCs4EkGjsAKdp2_4bake5cache7builderNtB3_12CacheBuilder12add_strategyNvYNtNtB5_5local18LocalCacheStrategyNtB5_13CacheStrategy11from_configEB7_
FNDA:11,_RNvMNtNtCs4EkGjsAKdp2_4bake5cache7builderNtB2_12CacheBuilder17build_for_recipes
FNDA:3,_RNvMNtNtCs4EkGjsAKdp2_4bake5cache7builderNtB2_12CacheBuilder18default_strategies
FNDA:11,_RNvMNtNtCs4EkGjsAKdp2_4bake5cache7builderNtB2_12CacheBuilder28calculate_hashes_for_recipes
FNDA:11,_RNvMNtNtCs4EkGjsAKdp2_4bake5cache7builderNtB2_12CacheBuilder3new
FNDA:14,_RINvMNtNtCs1lk7uXtNODC_4bake5cache7builderNtB3_12CacheBuilder12add_strategyNvYNtNtB3_5tests17TestCacheStrategyNtB5_13CacheStrategy11from_configEB7_
FNDA:3,_RINvMNtNtCs1lk7uXtNODC_4bake5cache7builderNtB3_12CacheBuilder12add_strategyNvYNtNtB5_2s315S3CacheStrategyNtB5_13CacheStrategy11from_configEB7_
FNDA:3,_RINvMNtNtCs1lk7uXtNODC_4bake5cache7builderNtB3_12CacheBuilder12add_strategyNvYNtNtB5_3gcs16GcsCacheStrategyNtB5_13CacheStrategy11from_configEB7_
FNDA:3,_RINvMNtNtCs1lk7uXtNODC_4bake5cache7builderNtB3_12CacheBuilder12add_strategyNvYNtNtB5_4test17TestCacheStrategyNtB5_13CacheStrategy11from_configEB7_
FNDA:3,_RINvMNtNtCs1lk7uXtNODC_4bake5cache7builderNtB3_12CacheBuilder12add_strategyNvYNtNtB5_5local18LocalCacheStrategyNtB5_13CacheStrategy11from_configEB7_
FNDA:8,_RNCNvMNtNtCs1lk7uXtNODC_4bake5cache7builderNtB4_12CacheBuilder17build_for_recipes0B8_
FNDA:11,_RNvNtNtNtCs1lk7uXtNODC_4bake5cache7builder5tests19create_test_project
FNDA:1,_RNvNtNtNtCs1lk7uXtNODC_4bake5cache7builder5testss_22test_new_cache_builder
FNDA:1,_RNvNtNtNtCs1lk7uXtNODC_4bake5cache7builder5testss_28test_build_with_config_order
FNDA:1,_RNvNtNtNtCs1lk7uXtNODC_4bake5cache7builder5testss_29test_default_strategies_added
FNDA:1,_RNvNtNtNtCs1lk7uXtNODC_4bake5cache7builder5testss_30test_add_custom_strategy_added
FNDA:1,_RNvNtNtNtCs1lk7uXtNODC_4bake5cache7builder5testss_33test_build_for_recipes_empty_list
FNDA:1,_RNvNtNtNtCs1lk7uXtNODC_4bake5cache7builder5testss_34test_build_for_recipes_with_subset
FNDA:1,_RNvNtNtNtCs1lk7uXtNODC_4bake5cache7builder5testss_40test_build_with_default_order_local_only
FNDA:1,_RNvNtNtNtCs1lk7uXtNODC_4bake5cache7builder5testss_40test_calculate_hashes_for_recipes_direct
FNDA:1,_RNvNtNtNtCs1lk7uXtNODC_4bake5cache7builder5testss_44test_build_with_default_order_s3_gcs_enabled
FNDA:1,_RNvNtNtNtCs1lk7uXtNODC_4bake5cache7builder5testss_45test_build_fails_on_missing_strategy_in_order
FNDA:1,_RNvNtNtNtCs1lk7uXtNODC_4bake5cache7builder5testss_5build
FNDA:5,_RNvXs1_NtNtNtCs1lk7uXtNODC_4bake5cache7builder5testsNtB5_17TestCacheStrategyNtB9_13CacheStrategy11from_config
FNDA:0,_RNvXs1_NtNtNtCs1lk7uXtNODC_4bake5cache7builder5testsNtB5_17TestCacheStrategyNtB9_13CacheStrategy3get
FNDA:0,_RNvXs1_NtNtNtCs1lk7uXtNODC_4bake5cache7builder5testsNtB5_17TestCacheStrategyNtB9_13CacheStrategy3put
FNDA:1,_RNCNvNtNtNtCs1lk7uXtNODC_4bake5cache7builder5testss_22test_new_cache_builder0B9_
FNDA:1,_RNCNvNtNtNtCs1lk7uXtNODC_4bake5cache7builder5testss_28test_build_with_config_order0B9_
FNDA:1,_RNCNvNtNtNtCs1lk7uXtNODC_4bake5cache7builder5testss_29test_default_strategies_added0B9_
FNDA:1,_RNCNvNtNtNtCs1lk7uXtNODC_4bake5cache7builder5testss_30test_add_custom_strategy_added0B9_
FNDA:1,_RNCNvNtNtNtCs1lk7uXtNODC_4bake5cache7builder5testss_33test_build_for_recipes_empty_list0B9_
FNDA:1,_RNCNvNtNtNtCs1lk7uXtNODC_4bake5cache7builder5testss_34test_build_for_recipes_with_subset0B9_
FNDA:1,_RNCNvNtNtNtCs1lk7uXtNODC_4bake5cache7builder5testss_40test_build_with_default_order_local_only0B9_
FNDA:1,_RNCNvNtNtNtCs1lk7uXtNODC_4bake5cache7builder5testss_40test_calculate_hashes_for_recipes_direct0B9_
FNDA:1,_RNCNvNtNtNtCs1lk7uXtNODC_4bake5cache7builder5testss_44test_build_with_default_order_s3_gcs_enabled0B9_
FNDA:1,_RNCNvNtNtNtCs1lk7uXtNODC_4bake5cache7builder5testss_45test_build_fails_on_missing_strategy_in_order0B9_
FNDA:1,_RNCNvNtNtNtCs1lk7uXtNODC_4bake5cache7builder5testss_5build0B9_
FNDA:5,_RNCNvXs1_NtNtNtCs1lk7uXtNODC_4bake5cache7builder5testsNtB7_17TestCacheStrategyNtBb_13CacheStrategy11from_config0Bd_
FNDA:0,_RNCNvXs1_NtNtNtCs1lk7uXtNODC_4bake5cache7builder5testsNtB7_17TestCacheStrategyNtBb_13CacheStrategy3get0Bd_
FNDA:0,_RNCNvXs1_NtNtNtCs1lk7uXtNODC_4bake5cache7builder5testsNtB7_17TestCacheStrategyNtBb_13CacheStrategy3put0Bd_
FNDA:8,_RNvMNtNtCs1lk7uXtNODC_4bake5cache7builderNtB2_12CacheBuilder17build_for_recipes
FNDA:3,_RNvMNtNtCs1lk7uXtNODC_4bake5cache7builderNtB2_12CacheBuilder18default_strategies
FNDA:9,_RNvMNtNtCs1lk7uXtNODC_4bake5cache7builderNtB2_12CacheBuilder28calculate_hashes_for_recipes
FNDA:12,_RNvMNtNtCs1lk7uXtNODC_4bake5cache7builderNtB2_12CacheBuilder3new
FNDA:24,_RINvMNtNtCs4EkGjsAKdp2_4bake5cache7builderNtB3_12CacheBuilder12add_strategyNvYNtCs7jFFKzxOOLS_11baker_tests17TestCacheStrategyNtB5_13CacheStrategy11from_configEB1g_
FNDA:8,_RNCNvMNtNtCs4EkGjsAKdp2_4bake5cache7builderNtB4_12CacheBuilder17build_for_recipes0Cs7jFFKzxOOLS_11baker_tests
FNDA:3,_RNCNvMNtNtCs4EkGjsAKdp2_4bake5cache7builderNtB4_12CacheBuilder17build_for_recipes0Cs84hT2GWzdHm_11cache_tests
FNF:32
FNH:30
DA:23,23
DA:24,23
DA:25,23
DA:26,23
DA:27,23
DA:28,23
DA:30,6
DA:31,6
DA:32,6
DA:33,6
DA:34,6
DA:35,6
DA:37,59
DA:38,59
DA:39,59
DA:40,59
DA:41,59
DA:42,59
DA:43,59
DA:45,59
DA:46,59
DA:47,59
DA:48,59
DA:50,20
DA:51,20
DA:52,20
DA:53,20
DA:55,20
DA:57,51
DA:58,31
DA:59,31
DA:61,20
DA:62,20
DA:64,19
DA:65,19
DA:67,19
DA:69,19
DA:70,16
DA:71,16
DA:72,16
DA:73,16
DA:74,0
DA:75,0
DA:76,0
DA:77,0
DA:78,0
DA:79,0
DA:80,16
DA:81,3
DA:83,38
DA:84,19
DA:85,19
DA:86,19
DA:88,0
DA:93,19
DA:94,19
DA:95,19
DA:97,19
DA:118,11
DA:119,11
DA:120,11
DA:121,11
DA:122,11
DA:123,11
DA:124,11
DA:125,11
DA:126,11
DA:127,11
DA:128,11
DA:129,11
DA:130,11
DA:140,0
DA:141,0
DA:142,0
DA:143,0
DA:144,0
DA:145,0
DA:146,0
DA:147,0
DA:148,0
DA:149,0
DA:150,10
DA:151,5
DA:152,10
DA:156,1
DA:157,1
DA:158,1
DA:160,1
DA:161,1
DA:162,1
DA:163,1
DA:164,1
DA:165,1
DA:166,1
DA:167,1
DA:168,1
DA:169,1
DA:172,1
DA:173,1
DA:174,1
DA:175,1
DA:176,1
DA:179,1
DA:180,1
DA:181,1
DA:182,1
DA:183,1
DA:184,1
DA:185,1
DA:186,1
DA:189,1
DA:190,1
DA:191,1
DA:192,1
DA:193,1
DA:194,1
DA:195,1
DA:198,1
DA:200,1
DA:202,1
DA:203,1
DA:204,1
DA:205,1
DA:206,1
DA:207,1
DA:208,1
DA:209,1
DA:210,1
DA:213,1
DA:214,1
DA:217,1
DA:219,1
DA:221,1
DA:222,1
DA:223,1
DA:224,1
DA:225,1
DA:226,1
DA:227,1
DA:228,1
DA:229,1
DA:232,1
DA:233,1
DA:236,1
DA:238,1
DA:240,1
DA:241,1
DA:242,1
DA:243,1
DA:244,1
DA:245,1
DA:246,1
DA:247,1
DA:248,1
DA:251,1
DA:252,1
DA:255,1
DA:256,1
DA:258,1
DA:259,1
DA:262,1
DA:263,1
DA:266,1
DA:267,1
DA:270,1
DA:271,1
DA:273,1
DA:274,1
DA:277,1
DA:278,1
DA:281,1
DA:282,1
DA:285,1
DA:286,1
DA:288,1
DA:291,1
DA:292,1
DA:293,1
DA:294,1
DA:296,1
DA:297,1
DA:300,1
DA:302,1
DA:304,1
DA:305,1
DA:306,1
DA:307,1
DA:308,1
DA:309,1
DA:310,1
DA:313,1
DA:314,1
BRF:0
BRH:0
LF:215
LH:197
end_of_record
SF:/Users/theoribeiro/Dev/tools/bake/src/cache/gcs.rs
FN:89,_RNvXs0_NtNtCs4EkGjsAKdp2_4bake5cache3gcsNtNtCsfLvRhEUTTUA_20google_cloud_storage6client6ClientNtB5_9GcsClient22upload_object_streamed
FN:59,_RNvXs0_NtNtCs4EkGjsAKdp2_4bake5cache3gcsNtNtCsfLvRhEUTTUA_20google_cloud_storage6client6ClientNtB5_9GcsClient24download_object_streamed
FN:73,_RNCNCNCNvXs0_NtNtCs4EkGjsAKdp2_4bake5cache3gcsNtNtCsfLvRhEUTTUA_20google_cloud_storage6client6ClientNtBb_9GcsClient24download_object_streamed0s_00Bf_
FN:93,_RNCNCNvXs0_NtNtCs4EkGjsAKdp2_4bake5cache3gcsNtNtCsfLvRhEUTTUA_20google_cloud_storage6client6ClientNtB9_9GcsClient22upload_object_streamed00Bd_
FN:64,_RNCNCNvXs0_NtNtCs4EkGjsAKdp2_4bake5cache3gcsNtNtCsfLvRhEUTTUA_20google_cloud_storage6client6ClientNtB9_9GcsClient24download_object_streamed00Bd_
FN:70,_RNCNCNvXs0_NtNtCs4EkGjsAKdp2_4bake5cache3gcsNtNtCsfLvRhEUTTUA_20google_cloud_storage6client6ClientNtB9_9GcsClient24download_object_streamed0s_0Bd_
FN:89,_RNCNvXs0_NtNtCs4EkGjsAKdp2_4bake5cache3gcsNtNtCsfLvRhEUTTUA_20google_cloud_storage6client6ClientNtB7_9GcsClient22upload_object_streamed0Bb_
FN:59,_RNCNvXs0_NtNtCs4EkGjsAKdp2_4bake5cache3gcsNtNtCsfLvRhEUTTUA_20google_cloud_storage6client6ClientNtB7_9GcsClient24download_object_streamed0Bb_
FN:228,_RNvMs_NtNtCs4EkGjsAKdp2_4bake5cache3gcsNtB4_16GcsCacheStrategy15new_for_testing
FN:278,_RNvMNtNtNtCs1lk7uXtNODC_4bake5cache3gcs5testsNtB2_13MockGcsClient11get_uploads
FN:273,_RNvMNtNtNtCs1lk7uXtNODC_4bake5cache3gcs5testsNtB2_13MockGcsClient16with_fail_upload
FN:263,_RNvMNtNtNtCs1lk7uXtNODC_4bake5cache3gcs5testsNtB2_13MockGcsClient18with_download_data
FN:268,_RNvMNtNtNtCs1lk7uXtNODC_4bake5cache3gcs5testsNtB2_13MockGcsClient18with_fail_download
FN:254,_RNvMNtNtNtCs1lk7uXtNODC_4bake5cache3gcs5testsNtB2_13MockGcsClient3new
FN:367,_RNvNtNtNtCs1lk7uXtNODC_4bake5cache3gcs5testss_13test_get_miss
FN:342,_RNvNtNtNtCs1lk7uXtNODC_4bake5cache3gcs5testss_16test_get_success
FN:387,_RNvNtNtNtCs1lk7uXtNODC_4bake5cache3gcs5testss_16test_put_success
FN:428,_RNvNtNtNtCs1lk7uXtNODC_4bake5cache3gcs5testss_23test_put_file_not_found
FN:411,_RNvNtNtNtCs1lk7uXtNODC_4bake5cache3gcs5testss_23test_put_upload_failure
FN:377,_RNvNtNtNtCs1lk7uXtNODC_4bake5cache3gcs5testss_25test_get_download_failure
FN:320,_RNvXs0_NtNtNtCs1lk7uXtNODC_4bake5cache3gcs5testsNtB5_13MockGcsClientNtB7_9GcsClient22upload_object_streamed
FN:289,_RNvXs0_NtNtNtCs1lk7uXtNODC_4bake5cache3gcs5testsNtB5_13MockGcsClientNtB7_9GcsClient24download_object_streamed
FN:299,_RNCNCNvXs0_NtNtNtCs1lk7uXtNODC_4bake5cache3gcs5testsNtB9_13MockGcsClientNtBb_9GcsClient24download_object_streamed00Bf_
FN:367,_RNCNvNtNtNtCs1lk7uXtNODC_4bake5cache3gcs5testss_13test_get_miss0B9_
FN:342,_RNCNvNtNtNtCs1lk7uXtNODC_4bake5cache3gcs5testss_16test_get_success0B9_
FN:387,_RNCNvNtNtNtCs1lk7uXtNODC_4bake5cache3gcs5testss_16test_put_success0B9_
FN:428,_RNCNvNtNtNtCs1lk7uXtNODC_4bake5cache3gcs5testss_23test_put_file_not_found0B9_
FN:411,_RNCNvNtNtNtCs1lk7uXtNODC_4bake5cache3gcs5testss_23test_put_upload_failure0B9_
FN:377,_RNCNvNtNtNtCs1lk7uXtNODC_4bake5cache3gcs5testss_25test_get_download_failure0B9_
FN:320,_RNCNvXs0_NtNtNtCs1lk7uXtNODC_4bake5cache3gcs5testsNtB7_13MockGcsClientNtB9_9GcsClient22upload_object_streamed0Bd_
FN:289,_RNCNvXs0_NtNtNtCs1lk7uXtNODC_4bake5cache3gcs5testsNtB7_13MockGcsClientNtB9_9GcsClient24download_object_streamed0Bd_
FN:73,_RNCNCNCNvXs0_NtNtCs1lk7uXtNODC_4bake5cache3gcsNtNtCsfLvRhEUTTUA_20google_cloud_storage6client6ClientNtBb_9GcsClient24download_object_streamed0s_00Bf_
FN:93,_RNCNCNvXs0_NtNtCs1lk7uXtNODC_4bake5cache3gcsNtNtCsfLvRhEUTTUA_20google_cloud_storage6client6ClientNtB9_9GcsClient22upload_object_streamed00Bd_
FN:64,_RNCNCNvXs0_NtNtCs1lk7uXtNODC_4bake5cache3gcsNtNtCsfLvRhEUTTUA_20google_cloud_storage6client6ClientNtB9_9GcsClient24download_object_streamed00Bd_
FN:70,_RNCNCNvXs0_NtNtCs1lk7uXtNODC_4bake5cache3gcsNtNtCsfLvRhEUTTUA_20google_cloud_storage6client6ClientNtB9_9GcsClient24download_object_streamed0s_0Bd_
FN:89,_RNCNvXs0_NtNtCs1lk7uXtNODC_4bake5cache3gcsNtNtCsfLvRhEUTTUA_20google_cloud_storage6client6ClientNtB7_9GcsClient22upload_object_streamed0Bb_
FN:59,_RNCNvXs0_NtNtCs1lk7uXtNODC_4bake5cache3gcsNtNtCsfLvRhEUTTUA_20google_cloud_storage6client6ClientNtB7_9GcsClient24download_object_streamed0Bb_
FN:228,_RNvMs_NtNtCs1lk7uXtNODC_4bake5cache3gcsNtB4_16GcsCacheStrategy15new_for_testing
FN:89,_RNvXs0_NtNtCs1lk7uXtNODC_4bake5cache3gcsNtNtCsfLvRhEUTTUA_20google_cloud_storage6client6ClientNtB5_9GcsClient22upload_object_streamed
FN:59,_RNvXs0_NtNtCs1lk7uXtNODC_4bake5cache3gcsNtNtCsfLvRhEUTTUA_20google_cloud_storage6client6ClientNtB5_9GcsClient24download_object_streamed
FNDA:0,_RNvXs0_NtNtCs4EkGjsAKdp2_4bake5cache3gcsNtNtCsfLvRhEUTTUA_20google_cloud_storage6client6ClientNtB5_9GcsClient22upload_object_streamed
FNDA:0,_RNvXs0_NtNtCs4EkGjsAKdp2_4bake5cache3gcsNtNtCsfLvRhEUTTUA_20google_cloud_storage6client6ClientNtB5_9GcsClient24download_object_streamed
FNDA:0,_RNCNCNCNvXs0_NtNtCs4EkGjsAKdp2_4bake5cache3gcsNtNtCsfLvRhEUTTUA_20google_cloud_storage6client6ClientNtBb_9GcsClient24download_object_streamed0s_00Bf_
FNDA:0,_RNCNCNvXs0_NtNtCs4EkGjsAKdp2_4bake5cache3gcsNtNtCsfLvRhEUTTUA_20google_cloud_storage6client6ClientNtB9_9GcsClient22upload_object_streamed00Bd_
FNDA:0,_RNCNCNvXs0_NtNtCs4EkGjsAKdp2_4bake5cache3gcsNtNtCsfLvRhEUTTUA_20google_cloud_storage6client6ClientNtB9_9GcsClient24download_object_streamed00Bd_
FNDA:0,_RNCNCNvXs0_NtNtCs4EkGjsAKdp2_4bake5cache3gcsNtNtCsfLvRhEUTTUA_20google_cloud_storage6client6ClientNtB9_9GcsClient24download_object_streamed0s_0Bd_
FNDA:0,_RNCNvXs0_NtNtCs4EkGjsAKdp2_4bake5cache3gcsNtNtCsfLvRhEUTTUA_20google_cloud_storage6client6ClientNtB7_9GcsClient22upload_object_streamed0Bb_
FNDA:0,_RNCNvXs0_NtNtCs4EkGjsAKdp2_4bake5cache3gcsNtNtCsfLvRhEUTTUA_20google_cloud_storage6client6ClientNtB7_9GcsClient24download_object_streamed0Bb_
FNDA:0,_RNvMs_NtNtCs4EkGjsAKdp2_4bake5cache3gcsNtB4_16GcsCacheStrategy15new_for_testing
FNDA:1,_RNvMNtNtNtCs1lk7uXtNODC_4bake5cache3gcs5testsNtB2_13MockGcsClient11get_uploads
FNDA:1,_RNvMNtNtNtCs1lk7uXtNODC_4bake5cache3gcs5testsNtB2_13MockGcsClient16with_fail_upload
FNDA:1,_RNvMNtNtNtCs1lk7uXtNODC_4bake5cache3gcs5testsNtB2_13MockGcsClient18with_download_data
FNDA:1,_RNvMNtNtNtCs1lk7uXtNODC_4bake5cache3gcs5testsNtB2_13MockGcsClient18with_fail_download
FNDA:6,_RNvMNtNtNtCs1lk7uXtNODC_4bake5cache3gcs5testsNtB2_13MockGcsClient3new
FNDA:1,_RNvNtNtNtCs1lk7uXtNODC_4bake5cache3gcs5testss_13test_get_miss
FNDA:1,_RNvNtNtNtCs1lk7uXtNODC_4bake5cache3gcs5testss_16test_get_success
FNDA:1,_RNvNtNtNtCs1lk7uXtNODC_4bake5cache3gcs5testss_16test_put_success
FNDA:1,_RNvNtNtNtCs1lk7uXtNODC_4bake5cache3gcs5testss_23test_put_file_not_found
FNDA:1,_RNvNtNtNtCs1lk7uXtNODC_4bake5cache3gcs5testss_23test_put_upload_failure
FNDA:1,_RNvNtNtNtCs1lk7uXtNODC_4bake5cache3gcs5testss_25test_get_download_failure
FNDA:2,_RNvXs0_NtNtNtCs1lk7uXtNODC_4bake5cache3gcs5testsNtB5_13MockGcsClientNtB7_9GcsClient22upload_object_streamed
FNDA:3,_RNvXs0_NtNtNtCs1lk7uXtNODC_4bake5cache3gcs5testsNtB5_13MockGcsClientNtB7_9GcsClient24download_object_streamed
FNDA:1,_RNCNCNvXs0_NtNtNtCs1lk7uXtNODC_4bake5cache3gcs5testsNtB9_13MockGcsClientNtBb_9GcsClient24download_object_streamed00Bf_
FNDA:1,_RNCNvNtNtNtCs1lk7uXtNODC_4bake5cache3gcs5testss_13test_get_miss0B9_
FNDA:1,_RNCNvNtNtNtCs1lk7uXtNODC_4bake5cache3gcs5testss_16test_get_success0B9_
FNDA:1,_RNCNvNtNtNtCs1lk7uXtNODC_4bake5cache3gcs5testss_16test_put_success0B9_
FNDA:1,_RNCNvNtNtNtCs1lk7uXtNODC_4bake5cache3gcs5testss_23test_put_file_not_found0B9_
FNDA:1,_RNCNvNtNtNtCs1lk7uXtNODC_4bake5cache3gcs5testss_23test_put_upload_failure0B9_
FNDA:1,_RNCNvNtNtNtCs1lk7uXtNODC_4bake5cache3gcs5testss_25test_get_download_failure0B9_
FNDA:2,_RNCNvXs0_NtNtNtCs1lk7uXtNODC_4bake5cache3gcs5testsNtB7_13MockGcsClientNtB9_9GcsClient22upload_object_streamed0Bd_
FNDA:3,_RNCNvXs0_NtNtNtCs1lk7uXtNODC_4bake5cache3gcs5testsNtB7_13MockGcsClientNtB9_9GcsClient24download_object_streamed0Bd_
FNDA:0,_RNCNCNCNvXs0_NtNtCs1lk7uXtNODC_4bake5cache3gcsNtNtCsfLvRhEUTTUA_20google_cloud_storage6client6ClientNtBb_9GcsClient24download_object_streamed0s_00Bf_
FNDA:0,_RNCNCNvXs0_NtNtCs1lk7uXtNODC_4bake5cache3gcsNtNtCsfLvRhEUTTUA_20google_cloud_storage6client6ClientNtB9_9GcsClient22upload_object_streamed00Bd_
FNDA:0,_RNCNCNvXs0_NtNtCs1lk7uXtNODC_4bake5cache3gcsNtNtCsfLvRhEUTTUA_20google_cloud_storage6client6ClientNtB9_9GcsClient24download_object_streamed00Bd_
FNDA:0,_RNCNCNvXs0_NtNtCs1lk7uXtNODC_4bake5cache3gcsNtNtCsfLvRhEUTTUA_20google_cloud_storage6client6ClientNtB9_9GcsClient24download_object_streamed0s_0Bd_
FNDA:0,_RNCNvXs0_NtNtCs1lk7uXtNODC_4bake5cache3gcsNtNtCsfLvRhEUTTUA_20google_cloud_storage6client6ClientNtB7_9GcsClient22upload_object_streamed0Bb_
FNDA:0,_RNCNvXs0_NtNtCs1lk7uXtNODC_4bake5cache3gcsNtNtCsfLvRhEUTTUA_20google_cloud_storage6client6ClientNtB7_9GcsClient24download_object_streamed0Bb_
FNDA:6,_RNvMs_NtNtCs1lk7uXtNODC_4bake5cache3gcsNtB4_16GcsCacheStrategy15new_for_testing
FNDA:0,_RNvXs0_NtNtCs1lk7uXtNODC_4bake5cache3gcsNtNtCsfLvRhEUTTUA_20google_cloud_storage6client6ClientNtB5_9GcsClient22upload_object_streamed
FNDA:0,_RNvXs0_NtNtCs1lk7uXtNODC_4bake5cache3gcsNtNtCsfLvRhEUTTUA_20google_cloud_storage6client6ClientNtB5_9GcsClient24download_object_streamed
FNF:27
FNH:21
DA:59,0
DA:61,0
DA:62,0
DA:63,0
DA:64,0
DA:67,0
DA:68,0
DA:70,0
DA:71,0
DA:72,0
DA:73,0
DA:75,0
DA:76,0
DA:77,0
DA:79,0
DA:81,0
DA:82,0
DA:89,0
DA:91,0
DA:92,0
DA:93,0
DA:94,0
DA:95,0
DA:228,6
DA:229,6
DA:230,6
DA:254,6
DA:255,6
DA:256,6
DA:257,6
DA:258,6
DA:259,6
DA:260,6
DA:261,6
DA:263,1
DA:264,1
DA:265,1
DA:266,1
DA:268,1
DA:269,1
DA:270,1
DA:271,1
DA:273,1
DA:274,1
DA:275,1
DA:276,1
DA:278,1
DA:279,1
DA:280,1
DA:289,6
DA:290,3
DA:291,1
DA:292,2
DA:294,2
DA:295,2
DA:296,1
DA:297,1
DA:299,1
DA:301,1
DA:302,1
DA:303,1
DA:304,0
DA:305,1
DA:307,1
DA:309,1
DA:311,1
DA:313,6
DA:320,4
DA:321,2
DA:322,1
DA:323,1
DA:325,1
DA:326,2
DA:327,1
DA:328,1
DA:329,0
DA:333,1
DA:334,1
DA:335,1
DA:336,1
DA:337,1
DA:338,4
DA:342,1
DA:343,1
DA:344,1
DA:345,1
DA:347,1
DA:348,1
DA:350,1
DA:352,1
DA:353,1
DA:354,1
DA:355,1
DA:356,1
DA:357,1
DA:358,1
DA:359,1
DA:360,1
DA:361,1
DA:362,1
DA:363,1
DA:364,1
DA:367,1
DA:368,1
DA:369,1
DA:370,1
DA:372,1
DA:373,1
DA:374,1
DA:377,1
DA:378,1
DA:379,1
DA:380,1
DA:382,1
DA:383,1
DA:384,1
DA:387,1
DA:388,1
DA:389,1
DA:390,1
DA:391,1
DA:395,1
DA:396,1
DA:397,1
DA:398,1
DA:399,1
DA:401,1
DA:402,1
DA:405,1
DA:406,1
DA:407,1
DA:408,1
DA:411,1
DA:412,1
DA:413,1
DA:414,1
DA:417,1
DA:418,1
DA:419,1
DA:420,1
DA:421,1
DA:423,1
DA:424,1
DA:425,1
DA:428,1
DA:429,1
DA:430,1
DA:431,1
DA:433,1
DA:434,1
DA:435,1
DA:436,1
DA:437,1
BRF:0
BRH:0
LF:176
LH:146
end_of_record
SF:/Users/theoribeiro/Dev/tools/bake/src/cache/local.rs
FN:71,_RNvXs0_NtNtCs4EkGjsAKdp2_4bake5cache5localNtB5_18LocalCacheStrategyNtB7_13CacheStrategy11from_config
FN:21,_RNvXs0_NtNtCs4EkGjsAKdp2_4bake5cache5localNtB5_18LocalCacheStrategyNtB7_13CacheStrategy3get
FN:36,_RNvXs0_NtNtCs4EkGjsAKdp2_4bake5cache5localNtB5_18LocalCacheStrategyNtB7_13CacheStrategy3put
FN:28,_RNCNCNvXs0_NtNtCs4EkGjsAKdp2_4bake5cache5localNtB9_18LocalCacheStrategyNtBb_13CacheStrategy3get00Bd_
FN:71,_RNCNvXs0_NtNtCs4EkGjsAKdp2_4bake5cache5localNtB7_18LocalCacheStrategyNtB9_13CacheStrategy11from_config0Bb_
FN:21,_RNCNvXs0_NtNtCs4EkGjsAKdp2_4bake5cache5localNtB7_18LocalCacheStrategyNtB9_13CacheStrategy3get0Bb_
FN:36,_RNCNvXs0_NtNtCs4EkGjsAKdp2_4bake5cache5localNtB7_18LocalCacheStrategyNtB9_13CacheStrategy3put0Bb_
FN:132,_RNCNvNtNtNtCs1lk7uXtNODC_4bake5cache5local5tests17create_dummy_file0B9_
FN:198,_RNCNvNtNtNtCs1lk7uXtNODC_4bake5cache5local5testss_16test_put_and_get0B9_
FN:253,_RNCNvNtNtNtCs1lk7uXtNODC_4bake5cache5local5testss_22test_put_existing_file0B9_
FN:163,_RNCNvNtNtNtCs1lk7uXtNODC_4bake5cache5local5testss_28test_from_config_custom_path0B9_
FN:139,_RNCNvNtNtNtCs1lk7uXtNODC_4bake5cache5local5testss_29test_from_config_default_path0B9_
FN:232,_RNCNvNtNtNtCs1lk7uXtNODC_4bake5cache5local5testss_40test_put_creates_cache_dir_if_not_exists0B9_
FN:28,_RNCNCNvXs0_NtNtCs1lk7uXtNODC_4bake5cache5localNtB9_18LocalCacheStrategyNtBb_13CacheStrategy3get00Bd_
FN:71,_RNCNvXs0_NtNtCs1lk7uXtNODC_4bake5cache5localNtB7_18LocalCacheStrategyNtB9_13CacheStrategy11from_config0Bb_
FN:21,_RNCNvXs0_NtNtCs1lk7uXtNODC_4bake5cache5localNtB7_18LocalCacheStrategyNtB9_13CacheStrategy3get0Bb_
FN:36,_RNCNvXs0_NtNtCs1lk7uXtNODC_4bake5cache5localNtB7_18LocalCacheStrategyNtB9_13CacheStrategy3put0Bb_
FN:71,_RNvXs0_NtNtCs1lk7uXtNODC_4bake5cache5localNtB5_18LocalCacheStrategyNtB7_13CacheStrategy11from_config
FN:21,_RNvXs0_NtNtCs1lk7uXtNODC_4bake5cache5localNtB5_18LocalCacheStrategyNtB7_13CacheStrategy3get
FN:36,_RNvXs0_NtNtCs1lk7uXtNODC_4bake5cache5localNtB5_18LocalCacheStrategyNtB7_13CacheStrategy3put
FN:132,_RNvNtNtNtCs1lk7uXtNODC_4bake5cache5local5tests17create_dummy_file
FN:116,_RNvNtNtNtCs1lk7uXtNODC_4bake5cache5local5tests27create_default_test_project
FN:97,_RNvNtNtNtCs1lk7uXtNODC_4bake5cache5local5tests36create_test_project_with_tool_config
FN:198,_RNvNtNtNtCs1lk7uXtNODC_4bake5cache5local5testss_16test_put_and_get
FN:253,_RNvNtNtNtCs1lk7uXtNODC_4bake5cache5local5testss_22test_put_existing_file
FN:163,_RNvNtNtNtCs1lk7uXtNODC_4bake5cache5local5testss_28test_from_config_custom_path
FN:139,_RNvNtNtNtCs1lk7uXtNODC_4bake5cache5local5testss_29test_from_config_default_path
FN:232,_RNvNtNtNtCs1lk7uXtNODC_4bake5cache5local5testss_40test_put_creates_cache_dir_if_not_exists
FNDA:5,_RNvXs0_NtNtCs4EkGjsAKdp2_4bake5cache5localNtB5_18LocalCacheStrategyNtB7_13CacheStrategy11from_config
FNDA:0,_RNvXs0_NtNtCs4EkGjsAKdp2_4bake5cache5localNtB5_18LocalCacheStrategyNtB7_13CacheStrategy3get
FNDA:0,_RNvXs0_NtNtCs4EkGjsAKdp2_4bake5cache5localNtB5_18LocalCacheStrategyNtB7_13CacheStrategy3put
FNDA:0,_RNCNCNvXs0_NtNtCs4EkGjsAKdp2_4bake5cache5localNtB9_18LocalCacheStrategyNtBb_13CacheStrategy3get00Bd_
FNDA:5,_RNCNvXs0_NtNtCs4EkGjsAKdp2_4bake5cache5localNtB7_18LocalCacheStrategyNtB9_13CacheStrategy11from_config0Bb_
FNDA:0,_RNCNvXs0_NtNtCs4EkGjsAKdp2_4bake5cache5localNtB7_18LocalCacheStrategyNtB9_13CacheStrategy3get0Bb_
FNDA:0,_RNCNvXs0_NtNtCs4EkGjsAKdp2_4bake5cache5localNtB7_18LocalCacheStrategyNtB9_13CacheStrategy3put0Bb_
FNDA:3,_RNCNvNtNtNtCs1lk7uXtNODC_4bake5cache5local5tests17create_dummy_file0B9_
FNDA:1,_RNCNvNtNtNtCs1lk7uXtNODC_4bake5cache5local5testss_16test_put_and_get0B9_
FNDA:1,_RNCNvNtNtNtCs1lk7uXtNODC_4bake5cache5local5testss_22test_put_existing_file0B9_
FNDA:1,_RNCNvNtNtNtCs1lk7uXtNODC_4bake5cache5local5testss_28test_from_config_custom_path0B9_
FNDA:1,_RNCNvNtNtNtCs1lk7uXtNODC_4bake5cache5local5testss_29test_from_config_default_path0B9_
FNDA:1,_RNCNvNtNtNtCs1lk7uXtNODC_4bake5cache5local5testss_40test_put_creates_cache_dir_if_not_exists0B9_
FNDA:1,_RNCNCNvXs0_NtNtCs1lk7uXtNODC_4bake5cache5localNtB9_18LocalCacheStrategyNtBb_13CacheStrategy3get00Bd_
FNDA:4,_RNCNvXs0_NtNtCs1lk7uXtNODC_4bake5cache5localNtB7_18LocalCacheStrategyNtB9_13CacheStrategy11from_config0Bb_
FNDA:2,_RNCNvXs0_NtNtCs1lk7uXtNODC_4bake5cache5localNtB7_18LocalCacheStrategyNtB9_13CacheStrategy3get0Bb_
FNDA:4,_RNCNvXs0_NtNtCs1lk7uXtNODC_4bake5cache5localNtB7_18LocalCacheStrategyNtB9_13CacheStrategy3put0Bb_
FNDA:4,_RNvXs0_NtNtCs1lk7uXtNODC_4bake5cache5localNtB5_18LocalCacheStrategyNtB7_13CacheStrategy11from_config
FNDA:2,_RNvXs0_NtNtCs1lk7uXtNODC_4bake5cache5localNtB5_18LocalCacheStrategyNtB7_13CacheStrategy3get
FNDA:4,_RNvXs0_NtNtCs1lk7uXtNODC_4bake5cache5localNtB5_18LocalCacheStrategyNtB7_13CacheStrategy3put
FNDA:3,_RNvNtNtNtCs1lk7uXtNODC_4bake5cache5local5tests17create_dummy_file
FNDA:1,_RNvNtNtNtCs1lk7uXtNODC_4bake5cache5local5tests27create_default_test_project
FNDA:2,_RNvNtNtNtCs1lk7uXtNODC_4bake5cache5local5tests36create_test_project_with_tool_config
FNDA:1,_RNvNtNtNtCs1lk7uXtNODC_4bake5cache5local5testss_16test_put_and_get
FNDA:1,_RNvNtNtNtCs1lk7uXtNODC_4bake5cache5local5testss_22test_put_existing_file
FNDA:1,_RNvNtNtNtCs1lk7uXtNODC_4bake5cache5local5testss_28test_from_config_custom_path
FNDA:1,_RNvNtNtNtCs1lk7uXtNODC_4bake5cache5local5testss_29test_from_config_default_path
FNDA:1,_RNvNtNtNtCs1lk7uXtNODC_4bake5cache5local5testss_40test_put_creates_cache_dir_if_not_exists
FNF:18
FNH:18
DA:21,4
DA:22,2
DA:23,2
DA:24,2
DA:25,2
DA:26,1
DA:27,1
DA:28,1
DA:29,1
DA:31,1
DA:32,1
DA:33,1
DA:34,1
DA:35,4
DA:36,8
DA:37,4
DA:39,4
DA:40,1
DA:41,1
DA:42,0
DA:43,0
DA:44,0
DA:45,0
DA:46,0
DA:47,0
DA:50,3
DA:53,4
DA:54,4
DA:55,1
DA:56,1
DA:57,3
DA:60,3
DA:61,0
DA:62,0
DA:63,0
DA:64,0
DA:65,0
DA:67,3
DA:69,8
DA:71,18
DA:72,9
DA:73,9
DA:74,9
DA:75,9
DA:76,9
DA:77,9
DA:78,9
DA:79,9
DA:80,9
DA:81,9
DA:82,18
DA:97,2
DA:98,2
DA:99,2
DA:101,2
DA:102,2
DA:103,2
DA:104,2
DA:105,2
DA:106,2
DA:107,2
DA:108,2
DA:109,2
DA:110,2
DA:111,2
DA:112,2
DA:113,2
DA:116,1
DA:117,1
DA:118,1
DA:119,1
DA:120,1
DA:121,1
DA:122,1
DA:123,1
DA:124,1
DA:125,1
DA:126,1
DA:127,1
DA:128,1
DA:129,1
DA:132,3
DA:133,3
DA:134,3
DA:135,3
DA:136,3
DA:139,1
DA:140,1
DA:141,1
DA:142,1
DA:160,1
DA:163,1
DA:164,1
DA:165,1
DA:167,1
DA:168,1
DA:169,1
DA:170,1
DA:171,1
DA:172,1
DA:173,1
DA:174,1
DA:175,1
DA:176,1
DA:177,1
DA:178,1
DA:180,1
DA:181,1
DA:195,1
DA:198,1
DA:200,1
DA:201,1
DA:202,1
DA:203,1
DA:205,1
DA:206,1
DA:207,1
DA:210,1
DA:211,1
DA:212,1
DA:215,1
DA:216,1
DA:217,1
DA:218,1
DA:219,1
DA:220,1
DA:221,1
DA:222,1
DA:223,1
DA:224,1
DA:225,1
DA:226,1
DA:227,1
DA:228,1
DA:229,1
DA:232,1
DA:233,1
DA:234,1
DA:236,1
DA:237,1
DA:238,1
DA:240,1
DA:242,1
DA:243,1
DA:244,1
DA:246,1
DA:247,1
DA:248,1
DA:249,1
DA:250,1
DA:253,1
DA:254,1
DA:255,1
DA:256,1
DA:257,1
DA:259,1
DA:260,1
DA:261,1
DA:264,1
DA:265,1
DA:266,1
DA:269,1
DA:270,1
DA:271,1
BRF:0
BRH:0
LF:184
LH:171
end_of_record
SF:/Users/theoribeiro/Dev/tools/bake/src/cache/mod.rs
FN:202,_RNCNCNvMNtCs4EkGjsAKdp2_4bake5cacheNtB6_5Cache3put00Cs6G5DyER1L5a_4bake
FN:53,_RNCNvMNtCs4EkGjsAKdp2_4bake5cacheNtB4_5Cache3get0Cs6G5DyER1L5a_4bake
FN:180,_RNCNvMNtCs4EkGjsAKdp2_4bake5cacheNtB4_5Cache3put0Cs6G5DyER1L5a_4bake
FN:202,_RNCNCNvMNtCs4EkGjsAKdp2_4bake5cacheNtB6_5Cache3put00B8_
FN:53,_RNCNvMNtCs4EkGjsAKdp2_4bake5cacheNtB4_5Cache3get0B6_
FN:180,_RNCNvMNtCs4EkGjsAKdp2_4bake5cacheNtB4_5Cache3put0B6_
FN:147,_RNCNCNvMNtCs4EkGjsAKdp2_4bake5cacheNtB6_5Cache20safe_extract_archives0_00B8_
FN:133,_RNCNvMNtCs4EkGjsAKdp2_4bake5cacheNtB4_5Cache20safe_extract_archive0B6_
FN:142,_RNCNvMNtCs4EkGjsAKdp2_4bake5cacheNtB4_5Cache20safe_extract_archives0_0B6_
FN:138,_RNCNvMNtCs4EkGjsAKdp2_4bake5cacheNtB4_5Cache20safe_extract_archives_0B6_
FN:91,_RNvMNtCs4EkGjsAKdp2_4bake5cacheNtB2_5Cache20safe_extract_archive
FN:53,_RNvMNtCs4EkGjsAKdp2_4bake5cacheNtB2_5Cache3get
FN:180,_RNvMNtCs4EkGjsAKdp2_4bake5cacheNtB2_5Cache3put
FN:147,_RNCNCNvMNtCs1lk7uXtNODC_4bake5cacheNtB6_5Cache20safe_extract_archives0_00B8_
FN:202,_RNCNCNvMNtCs1lk7uXtNODC_4bake5cacheNtB6_5Cache3put00B8_
FN:133,_RNCNvMNtCs1lk7uXtNODC_4bake5cacheNtB4_5Cache20safe_extract_archive0B6_
FN:142,_RNCNvMNtCs1lk7uXtNODC_4bake5cacheNtB4_5Cache20safe_extract_archives0_0B6_
FN:138,_RNCNvMNtCs1lk7uXtNODC_4bake5cacheNtB4_5Cache20safe_extract_archives_0B6_
FN:53,_RNCNvMNtCs1lk7uXtNODC_4bake5cacheNtB4_5Cache3get0B6_
FN:180,_RNCNvMNtCs1lk7uXtNODC_4bake5cacheNtB4_5Cache3put0B6_
FN:91,_RNvMNtCs1lk7uXtNODC_4bake5cacheNtB2_5Cache20safe_extract_archive
FN:53,_RNvMNtCs1lk7uXtNODC_4bake5cacheNtB2_5Cache3get
FN:180,_RNvMNtCs1lk7uXtNODC_4bake5cacheNtB2_5Cache3put
FN:355,_RNvMNtNtCs1lk7uXtNODC_4bake5cache4testNtB2_17TestCacheStrategy22get_dummy_archive_path
FN:343,_RNvMNtNtCs1lk7uXtNODC_4bake5cache4testNtB2_17TestCacheStrategy3new
FN:426,_RNvNtNtCs1lk7uXtNODC_4bake5cache4test11build_cache
FN:311,_RNvNtNtCs1lk7uXtNODC_4bake5cache4test19create_test_project
FN:520,_RNvNtNtCs1lk7uXtNODC_4bake5cache4tests_19test_cache_creation
FN:421,_RNvXs1_NtNtCs1lk7uXtNODC_4bake5cache4testNtB5_17TestCacheStrategyNtB7_13CacheStrategy11from_config
FN:369,_RNvXs1_NtNtCs1lk7uXtNODC_4bake5cache4testNtB5_17TestCacheStrategyNtB7_13CacheStrategy3get
FN:409,_RNvXs1_NtNtCs1lk7uXtNODC_4bake5cache4testNtB5_17TestCacheStrategyNtB7_13CacheStrategy3put
FN:433,_RNCNCNCNvNtNtCs1lk7uXtNODC_4bake5cache4test11build_cache000Bb_
FN:430,_RNCNCNvNtNtCs1lk7uXtNODC_4bake5cache4test11build_cache00B9_
FN:426,_RNCNvNtNtCs1lk7uXtNODC_4bake5cache4test11build_cache0B7_
FN:520,_RNCNvNtNtCs1lk7uXtNODC_4bake5cache4tests_19test_cache_creation0B7_
FN:421,_RNCNvXs1_NtNtCs1lk7uXtNODC_4bake5cache4testNtB7_17TestCacheStrategyNtB9_13CacheStrategy11from_config0Bb_
FN:369,_RNCNvXs1_NtNtCs1lk7uXtNODC_4bake5cache4testNtB7_17TestCacheStrategyNtB9_13CacheStrategy3get0Bb_
FN:409,_RNCNvXs1_NtNtCs1lk7uXtNODC_4bake5cache4testNtB7_17TestCacheStrategyNtB9_13CacheStrategy3put0Bb_
FN:202,_RNCNCNvMNtCs4EkGjsAKdp2_4bake5cacheNtB6_5Cache3put00Cs7jFFKzxOOLS_11baker_tests
FN:53,_RNCNvMNtCs4EkGjsAKdp2_4bake5cacheNtB4_5Cache3get0Cs7jFFKzxOOLS_11baker_tests
FN:180,_RNCNvMNtCs4EkGjsAKdp2_4bake5cacheNtB4_5Cache3put0Cs7jFFKzxOOLS_11baker_tests
FNDA:0,_RNCNCNvMNtCs4EkGjsAKdp2_4bake5cacheNtB6_5Cache3put00Cs6G5DyER1L5a_4bake
FNDA:0,_RNCNvMNtCs4EkGjsAKdp2_4bake5cacheNtB4_5Cache3get0Cs6G5DyER1L5a_4bake
FNDA:0,_RNCNvMNtCs4EkGjsAKdp2_4bake5cacheNtB4_5Cache3put0Cs6G5DyER1L5a_4bake
FNDA:0,_RNCNCNvMNtCs4EkGjsAKdp2_4bake5cacheNtB6_5Cache3put00B8_
FNDA:0,_RNCNvMNtCs4EkGjsAKdp2_4bake5cacheNtB4_5Cache3get0B6_
FNDA:0,_RNCNvMNtCs4EkGjsAKdp2_4bake5cacheNtB4_5Cache3put0B6_
FNDA:0,_RNCNCNvMNtCs4EkGjsAKdp2_4bake5cacheNtB6_5Cache20safe_extract_archives0_00B8_
FNDA:0,_RNCNvMNtCs4EkGjsAKdp2_4bake5cacheNtB4_5Cache20safe_extract_archive0B6_
FNDA:0,_RNCNvMNtCs4EkGjsAKdp2_4bake5cacheNtB4_5Cache20safe_extract_archives0_0B6_
FNDA:0,_RNCNvMNtCs4EkGjsAKdp2_4bake5cacheNtB4_5Cache20safe_extract_archives_0B6_
FNDA:0,_RNvMNtCs4EkGjsAKdp2_4bake5cacheNtB2_5Cache20safe_extract_archive
FNDA:0,_RNvMNtCs4EkGjsAKdp2_4bake5cacheNtB2_5Cache3get
FNDA:0,_RNvMNtCs4EkGjsAKdp2_4bake5cacheNtB2_5Cache3put
FNDA:0,_RNCNCNvMNtCs1lk7uXtNODC_4bake5cacheNtB6_5Cache20safe_extract_archives0_00B8_
FNDA:0,_RNCNCNvMNtCs1lk7uXtNODC_4bake5cacheNtB6_5Cache3put00B8_
FNDA:0,_RNCNvMNtCs1lk7uXtNODC_4bake5cacheNtB4_5Cache20safe_extract_archive0B6_
FNDA:0,_RNCNvMNtCs1lk7uXtNODC_4bake5cacheNtB4_5Cache20safe_extract_archives0_0B6_
FNDA:0,_RNCNvMNtCs1lk7uXtNODC_4bake5cacheNtB4_5Cache20safe_extract_archives_0B6_
FNDA:0,_RNCNvMNtCs1lk7uXtNODC_4bake5cacheNtB4_5Cache3get0B6_
FNDA:0,_RNCNvMNtCs1lk7uXtNODC_4bake5cacheNtB4_5Cache3put0B6_
FNDA:0,_RNvMNtCs1lk7uXtNODC_4bake5cacheNtB2_5Cache20safe_extract_archive
FNDA:0,_RNvMNtCs1lk7uXtNODC_4bake5cacheNtB2_5Cache3get
FNDA:0,_RNvMNtCs1lk7uXtNODC_4bake5cacheNtB2_5Cache3put
FNDA:0,_RNvMNtNtCs1lk7uXtNODC_4bake5cache4testNtB2_17TestCacheStrategy22get_dummy_archive_path
FNDA:1,_RNvMNtNtCs1lk7uXtNODC_4bake5cache4testNtB2_17TestCacheStrategy3new
FNDA:1,_RNvNtNtCs1lk7uXtNODC_4bake5cache4test11build_cache
FNDA:1,_RNvNtNtCs1lk7uXtNODC_4bake5cache4test19create_test_project
FNDA:1,_RNvNtNtCs1lk7uXtNODC_4bake5cache4tests_19test_cache_creation
FNDA:1,_RNvXs1_NtNtCs1lk7uXtNODC_4bake5cache4testNtB5_17TestCacheStrategyNtB7_13CacheStrategy11from_config
FNDA:0,_RNvXs1_NtNtCs1lk7uXtNODC_4bake5cache4testNtB5_17TestCacheStrategyNtB7_13CacheStrategy3get
FNDA:0,_RNvXs1_NtNtCs1lk7uXtNODC_4bake5cache4testNtB5_17TestCacheStrategyNtB7_13CacheStrategy3put
FNDA:0,_RNCNCNCNvNtNtCs1lk7uXtNODC_4bake5cache4test11build_cache000Bb_
FNDA:0,_RNCNCNvNtNtCs1lk7uXtNODC_4bake5cache4test11build_cache00B9_
FNDA:1,_RNCNvNtNtCs1lk7uXtNODC_4bake5cache4test11build_cache0B7_
FNDA:1,_RNCNvNtNtCs1lk7uXtNODC_4bake5cache4tests_19test_cache_creation0B7_
FNDA:1,_RNCNvXs1_NtNtCs1lk7uXtNODC_4bake5cache4testNtB7_17TestCacheStrategyNtB9_13CacheStrategy11from_config0Bb_
FNDA:0,_RNCNvXs1_NtNtCs1lk7uXtNODC_4bake5cache4testNtB7_17TestCacheStrategyNtB9_13CacheStrategy3get0Bb_
FNDA:0,_RNCNvXs1_NtNtCs1lk7uXtNODC_4bake5cache4testNtB7_17TestCacheStrategyNtB9_13CacheStrategy3put0Bb_
FNDA:0,_RNCNCNvMNtCs4EkGjsAKdp2_4bake5cacheNtB6_5Cache3put00Cs7jFFKzxOOLS_11baker_tests
FNDA:0,_RNCNvMNtCs4EkGjsAKdp2_4bake5cacheNtB4_5Cache3get0Cs7jFFKzxOOLS_11baker_tests
FNDA:0,_RNCNvMNtCs4EkGjsAKdp2_4bake5cacheNtB4_5Cache3put0Cs7jFFKzxOOLS_11baker_tests
FNF:22
FNH:7
DA:53,0
DA:54,0
DA:55,0
DA:56,0
DA:57,0
DA:58,0
DA:59,0
DA:60,0
DA:62,0
DA:65,0
DA:66,0
DA:67,0
DA:68,0
DA:71,0
DA:72,0
DA:74,0
DA:75,0
DA:77,0
DA:80,0
DA:81,0
DA:82,0
DA:83,0
DA:84,0
DA:87,0
DA:88,0
DA:91,0
DA:92,0
DA:93,0
DA:94,0
DA:95,0
DA:96,0
DA:99,0
DA:100,0
DA:101,0
DA:104,0
DA:105,0
DA:106,0
DA:107,0
DA:108,0
DA:109,0
DA:110,0
DA:111,0
DA:114,0
DA:115,0
DA:116,0
DA:117,0
DA:118,0
DA:119,0
DA:120,0
DA:121,0
DA:122,0
DA:126,0
DA:129,0
DA:130,0
DA:131,0
DA:132,0
DA:133,0
DA:135,0
DA:136,0
DA:137,0
DA:138,0
DA:141,0
DA:142,0
DA:144,0
DA:145,0
DA:146,0
DA:147,0
DA:148,0
DA:149,0
DA:151,0
DA:157,0
DA:159,0
DA:160,0
DA:161,0
DA:162,0
DA:163,0
DA:164,0
DA:165,0
DA:166,0
DA:167,0
DA:168,0
DA:170,0
DA:173,0
DA:176,0
DA:177,0
DA:180,0
DA:182,0
DA:183,0
DA:184,0
DA:185,0
DA:186,0
DA:187,0
DA:189,0
DA:190,0
DA:192,0
DA:193,0
DA:194,0
DA:195,0
DA:200,0
DA:202,0
DA:203,0
DA:204,0
DA:207,0
DA:208,0
DA:210,0
DA:211,0
DA:212,0
DA:213,0
DA:214,0
DA:215,0
DA:217,0
DA:218,0
DA:219,0
DA:223,0
DA:224,0
DA:226,0
DA:227,0
DA:228,0
DA:229,0
DA:230,0
DA:234,0
DA:235,0
DA:237,0
DA:238,0
DA:239,0
DA:243,0
DA:244,0
DA:245,0
DA:246,0
DA:247,0
DA:248,0
DA:249,0
DA:250,0
DA:252,0
DA:255,0
DA:256,0
DA:257,0
DA:258,0
DA:259,0
DA:260,0
DA:261,0
DA:262,0
DA:263,0
DA:266,0
DA:267,0
DA:268,0
DA:269,0
DA:270,0
DA:271,0
DA:272,0
DA:274,0
DA:275,0
DA:276,0
DA:277,0
DA:278,0
DA:279,0
DA:283,0
DA:284,0
DA:285,0
DA:288,0
DA:289,0
DA:311,1
DA:316,1
DA:317,1
DA:318,1
DA:319,1
DA:320,1
DA:321,1
DA:322,1
DA:323,1
DA:324,1
DA:325,1
DA:326,1
DA:327,1
DA:343,1
DA:344,1
DA:345,1
DA:346,1
DA:347,1
DA:348,1
DA:349,1
DA:350,1
DA:351,1
DA:352,1
DA:355,0
DA:357,0
DA:358,0
DA:359,0
DA:360,0
DA:361,0
DA:362,0
DA:363,0
DA:364,0
DA:369,0
DA:370,0
DA:371,0
DA:372,0
DA:373,0
DA:374,0
DA:375,0
DA:376,0
DA:377,0
DA:378,0
DA:379,0
DA:380,0
DA:381,0
DA:382,0
DA:383,0
DA:387,0
DA:388,0
DA:389,0
DA:391,0
DA:392,0
DA:394,0
DA:395,0
DA:396,0
DA:398,0
DA:399,0
DA:400,0
DA:401,0
DA:402,0
DA:403,0
DA:404,0
DA:405,0
DA:406,0
DA:407,0
DA:409,0
DA:410,0
DA:411,0
DA:412,0
DA:413,0
DA:414,0
DA:415,0
DA:416,0
DA:417,0
DA:418,0
DA:419,0
DA:421,2
DA:422,1
DA:423,2
DA:426,1
DA:427,1
DA:428,1
DA:429,1
DA:430,1
DA:431,0
DA:432,0
DA:433,0
DA:434,0
DA:435,1
DA:437,1
DA:438,1
DA:439,1
DA:440,1
DA:441,1
DA:442,1
DA:443,1
DA:444,1
DA:520,1
DA:521,1
DA:522,1
DA:523,1
DA:524,1
DA:525,1
BRF:0
BRH:0
LF:277
LH:49
end_of_record
SF:/Users/theoribeiro/Dev/tools/bake/src/cache/s3.rs
FN:97,_RNCNvXs0_NtNtCs4EkGjsAKdp2_4bake5cache2s3NtB7_15S3CacheStrategyNtB9_13CacheStrategy11from_config0Bb_
FN:25,_RNCNvXs0_NtNtCs4EkGjsAKdp2_4bake5cache2s3NtB7_15S3CacheStrategyNtB9_13CacheStrategy3get0Bb_
FN:77,_RNCNvXs0_NtNtCs4EkGjsAKdp2_4bake5cache2s3NtB7_15S3CacheStrategyNtB9_13CacheStrategy3put0Bb_
FN:97,_RNvXs0_NtNtCs4EkGjsAKdp2_4bake5cache2s3NtB5_15S3CacheStrategyNtB7_13CacheStrategy11from_config
FN:25,_RNvXs0_NtNtCs4EkGjsAKdp2_4bake5cache2s3NtB5_15S3CacheStrategyNtB7_13CacheStrategy3get
FN:77,_RNvXs0_NtNtCs4EkGjsAKdp2_4bake5cache2s3NtB5_15S3CacheStrategyNtB7_13CacheStrategy3put
FN:97,_RNCNvXs0_NtNtCs1lk7uXtNODC_4bake5cache2s3NtB7_15S3CacheStrategyNtB9_13CacheStrategy11from_config0Bb_
FN:25,_RNCNvXs0_NtNtCs1lk7uXtNODC_4bake5cache2s3NtB7_15S3CacheStrategyNtB9_13CacheStrategy3get0Bb_
FN:77,_RNCNvXs0_NtNtCs1lk7uXtNODC_4bake5cache2s3NtB7_15S3CacheStrategyNtB9_13CacheStrategy3put0Bb_
FN:97,_RNvXs0_NtNtCs1lk7uXtNODC_4bake5cache2s3NtB5_15S3CacheStrategyNtB7_13CacheStrategy11from_config
FN:25,_RNvXs0_NtNtCs1lk7uXtNODC_4bake5cache2s3NtB5_15S3CacheStrategyNtB7_13CacheStrategy3get
FN:77,_RNvXs0_NtNtCs1lk7uXtNODC_4bake5cache2s3NtB5_15S3CacheStrategyNtB7_13CacheStrategy3put
FNDA:1,_RNCNvXs0_NtNtCs4EkGjsAKdp2_4bake5cache2s3NtB7_15S3CacheStrategyNtB9_13CacheStrategy11from_config0Bb_
FNDA:0,_RNCNvXs0_NtNtCs4EkGjsAKdp2_4bake5cache2s3NtB7_15S3CacheStrategyNtB9_13CacheStrategy3get0Bb_
FNDA:0,_RNCNvXs0_NtNtCs4EkGjsAKdp2_4bake5cache2s3NtB7_15S3CacheStrategyNtB9_13CacheStrategy3put0Bb_
FNDA:1,_RNvXs0_NtNtCs4EkGjsAKdp2_4bake5cache2s3NtB5_15S3CacheStrategyNtB7_13CacheStrategy11from_config
FNDA:0,_RNvXs0_NtNtCs4EkGjsAKdp2_4bake5cache2s3NtB5_15S3CacheStrategyNtB7_13CacheStrategy3get
FNDA:0,_RNvXs0_NtNtCs4EkGjsAKdp2_4bake5cache2s3NtB5_15S3CacheStrategyNtB7_13CacheStrategy3put
FNDA:0,_RNCNvXs0_NtNtCs1lk7uXtNODC_4bake5cache2s3NtB7_15S3CacheStrategyNtB9_13CacheStrategy11from_config0Bb_
FNDA:0,_RNCNvXs0_NtNtCs1lk7uXtNODC_4bake5cache2s3NtB7_15S3CacheStrategyNtB9_13CacheStrategy3get0Bb_
FNDA:0,_RNCNvXs0_NtNtCs1lk7uXtNODC_4bake5cache2s3NtB7_15S3CacheStrategyNtB9_13CacheStrategy3put0Bb_
FNDA:0,_RNvXs0_NtNtCs1lk7uXtNODC_4bake5cache2s3NtB5_15S3CacheStrategyNtB7_13CacheStrategy11from_config
FNDA:0,_RNvXs0_NtNtCs1lk7uXtNODC_4bake5cache2s3NtB5_15S3CacheStrategyNtB7_13CacheStrategy3get
FNDA:0,_RNvXs0_NtNtCs1lk7uXtNODC_4bake5cache2s3NtB5_15S3CacheStrategyNtB7_13CacheStrategy3put
FNF:3
FNH:1
DA:25,0
DA:26,0
DA:28,0
DA:29,0
DA:30,0
DA:31,0
DA:32,0
DA:33,0
DA:37,0
DA:38,0
DA:39,0
DA:40,0
DA:41,0
DA:42,0
DA:43,0
DA:45,0
DA:46,0
DA:47,0
DA:48,0
DA:49,0
DA:50,0
DA:51,0
DA:54,0
DA:55,0
DA:56,0
DA:57,0
DA:59,0
DA:60,0
DA:64,0
DA:65,0
DA:66,0
DA:67,0
DA:69,0
DA:71,0
DA:72,0
DA:73,0
DA:76,0
DA:77,0
DA:78,0
DA:79,0
DA:81,0
DA:82,0
DA:83,0
DA:84,0
DA:85,0
DA:86,0
DA:87,0
DA:88,0
DA:90,0
DA:91,0
DA:92,0
DA:93,0
DA:94,0
DA:96,0
DA:97,2
DA:98,1
DA:99,1
DA:100,1
DA:101,1
DA:102,1
DA:103,1
DA:104,1
DA:105,1
DA:106,1
DA:107,1
DA:108,1
DA:109,1
DA:110,1
DA:111,1
DA:112,0
DA:113,0
DA:115,0
DA:116,2
BRF:0
BRH:0
LF:73
LH:16
end_of_record
SF:/Users/theoribeiro/Dev/tools/bake/src/execution_plan.rs
FN:16,_RNCNvNtCs4EkGjsAKdp2_4bake14execution_plan27display_full_execution_plan0B5_
FN:19,_RNCNvNtCs4EkGjsAKdp2_4bake14execution_plan27display_full_execution_plans_0B5_
FN:6,_RNvNtCs4EkGjsAKdp2_4bake14execution_plan27display_full_execution_plan
FN:38,_RNvNtCs4EkGjsAKdp2_4bake14execution_plan28display_tree_execution_order
FN:6,_RNvNtCs1lk7uXtNODC_4bake14execution_plan27display_full_execution_plan
FN:38,_RNvNtCs1lk7uXtNODC_4bake14execution_plan28display_tree_execution_order
FN:77,_RNvNtNtCs1lk7uXtNODC_4bake14execution_plan5tests18create_test_recipe
FN:163,_RNvNtNtCs1lk7uXtNODC_4bake14execution_plan5testss_27test_complex_execution_plan
FN:135,_RNvNtNtCs1lk7uXtNODC_4bake14execution_plan5testss_28test_tree_display_empty_plan
FN:110,_RNvNtNtCs1lk7uXtNODC_4bake14execution_plan5testss_29test_display_multi_level_plan
FN:124,_RNvNtNtCs1lk7uXtNODC_4bake14execution_plan5testss_29test_display_parallel_recipes
FN:142,_RNvNtNtCs1lk7uXtNODC_4bake14execution_plan5testss_30test_execution_plan_statistics
FN:103,_RNvNtNtCs1lk7uXtNODC_4bake14execution_plan5testss_31test_display_single_recipe_plan
FN:96,_RNvNtNtCs1lk7uXtNODC_4bake14execution_plan5testss_33test_display_empty_execution_plan
FN:189,_RNCNvNtNtCs1lk7uXtNODC_4bake14execution_plan5testss_27test_complex_execution_plan0B7_
FN:192,_RNCNvNtNtCs1lk7uXtNODC_4bake14execution_plan5testss_27test_complex_execution_plans_0B7_
FN:151,_RNCNvNtNtCs1lk7uXtNODC_4bake14execution_plan5testss_30test_execution_plan_statistics0B7_
FN:155,_RNCNvNtNtCs1lk7uXtNODC_4bake14execution_plan5testss_30test_execution_plan_statisticss_0B7_
FN:16,_RNCNvNtCs1lk7uXtNODC_4bake14execution_plan27display_full_execution_plan0B5_
FN:19,_RNCNvNtCs1lk7uXtNODC_4bake14execution_plan27display_full_execution_plans_0B5_
FNDA:0,_RNCNvNtCs4EkGjsAKdp2_4bake14execution_plan27display_full_execution_plan0B5_
FNDA:0,_RNCNvNtCs4EkGjsAKdp2_4bake14execution_plan27display_full_execution_plans_0B5_
FNDA:0,_RNvNtCs4EkGjsAKdp2_4bake14execution_plan27display_full_execution_plan
FNDA:0,_RNvNtCs4EkGjsAKdp2_4bake14execution_plan28display_tree_execution_order
FNDA:5,_RNvNtCs1lk7uXtNODC_4bake14execution_plan27display_full_execution_plan
FNDA:5,_RNvNtCs1lk7uXtNODC_4bake14execution_plan28display_tree_execution_order
FNDA:20,_RNvNtNtCs1lk7uXtNODC_4bake14execution_plan5tests18create_test_recipe
FNDA:1,_RNvNtNtCs1lk7uXtNODC_4bake14execution_plan5testss_27test_complex_execution_plan
FNDA:1,_RNvNtNtCs1lk7uXtNODC_4bake14execution_plan5testss_28test_tree_display_empty_plan
FNDA:1,_RNvNtNtCs1lk7uXtNODC_4bake14execution_plan5testss_29test_display_multi_level_plan
FNDA:1,_RNvNtNtCs1lk7uXtNODC_4bake14execution_plan5testss_29test_display_parallel_recipes
FNDA:1,_RNvNtNtCs1lk7uXtNODC_4bake14execution_plan5testss_30test_execution_plan_statistics
FNDA:1,_RNvNtNtCs1lk7uXtNODC_4bake14execution_plan5testss_31test_display_single_recipe_plan
FNDA:1,_RNvNtNtCs1lk7uXtNODC_4bake14execution_plan5testss_33test_display_empty_execution_plan
FNDA:4,_RNCNvNtNtCs1lk7uXtNODC_4bake14execution_plan5testss_27test_complex_execution_plan0B7_
FNDA:4,_RNCNvNtNtCs1lk7uXtNODC_4bake14execution_plan5testss_27test_complex_execution_plans_0B7_
FNDA:3,_RNCNvNtNtCs1lk7uXtNODC_4bake14execution_plan5testss_30test_execution_plan_statistics0B7_
FNDA:3,_RNCNvNtNtCs1lk7uXtNODC_4bake14execution_plan5testss_30test_execution_plan_statisticss_0B7_
FNDA:9,_RNCNvNtCs1lk7uXtNODC_4bake14execution_plan27display_full_execution_plan0B5_
FNDA:9,_RNCNvNtCs1lk7uXtNODC_4bake14execution_plan27display_full_execution_plans_0B5_
FNF:16
FNH:16
DA:6,5
DA:7,5
DA:8,1
DA:9,4
DA:12,4
DA:13,4
DA:16,9
DA:17,4
DA:18,4
DA:19,9
DA:20,4
DA:21,4
DA:23,4
DA:24,4
DA:25,4
DA:26,4
DA:29,4
DA:31,4
DA:32,4
DA:34,4
DA:35,5
DA:38,5
DA:39,5
DA:40,1
DA:41,4
DA:43,9
DA:45,9
DA:46,4
DA:48,5
DA:52,16
DA:53,16
DA:56,16
DA:57,9
DA:59,7
DA:62,16
DA:66,4
DA:67,5
DA:77,20
DA:78,20
DA:79,20
DA:80,20
DA:81,20
DA:82,20
DA:83,20
DA:84,20
DA:85,20
DA:86,20
DA:87,20
DA:88,20
DA:89,20
DA:90,20
DA:91,20
DA:92,20
DA:93,20
DA:96,1
DA:97,1
DA:98,1
DA:99,1
DA:100,1
DA:103,1
DA:104,1
DA:105,1
DA:106,1
DA:107,1
DA:110,1
DA:111,1
DA:112,1
DA:113,1
DA:114,1
DA:115,1
DA:117,1
DA:119,1
DA:120,1
DA:121,1
DA:124,1
DA:125,1
DA:126,1
DA:127,1
DA:128,1
DA:130,1
DA:131,1
DA:132,1
DA:135,1
DA:136,1
DA:137,1
DA:138,1
DA:139,1
DA:142,1
DA:143,1
DA:144,1
DA:145,1
DA:146,1
DA:147,1
DA:148,1
DA:151,3
DA:152,1
DA:155,3
DA:156,1
DA:159,1
DA:160,1
DA:163,1
DA:164,1
DA:166,1
DA:167,1
DA:168,1
DA:171,1
DA:172,1
DA:173,1
DA:174,1
DA:177,1
DA:178,1
DA:179,1
DA:182,1
DA:185,1
DA:186,1
DA:189,4
DA:190,1
DA:192,4
DA:193,1
DA:194,1
BRF:0
BRH:0
LF:126
LH:126
end_of_record
SF:/Users/theoribeiro/Dev/tools/bake/src/lib.rs
FN:337,_RNCNCNvCs4EkGjsAKdp2_4bake13handle_render00Cs6G5DyER1L5a_4bake
FN:391,_RNCNCNvCs4EkGjsAKdp2_4bake13handle_render0s1_0Cs6G5DyER1L5a_4bake
FN:423,_RNCNCNvCs4EkGjsAKdp2_4bake8run_bake00Cs6G5DyER1L5a_4bake
FN:447,_RNCNCNvCs4EkGjsAKdp2_4bake8run_bake0s0_0Cs6G5DyER1L5a_4bake
FN:499,_RNCNCNvCs4EkGjsAKdp2_4bake8run_bake0s1_0Cs6G5DyER1L5a_4bake
FN:417,_RNCNCNvCs4EkGjsAKdp2_4bake8run_bake0s2_0Cs6G5DyER1L5a_4bake
FN:444,_RNCNCNvCs4EkGjsAKdp2_4bake8run_bake0s_0Cs6G5DyER1L5a_4bake
FN:330,_RNCNvCs4EkGjsAKdp2_4bake13handle_render0Cs6G5DyER1L5a_4bake
FN:193,_RNCNvCs4EkGjsAKdp2_4bake18handle_self_update0Cs6G5DyER1L5a_4bake
FN:206,_RNCNvCs4EkGjsAKdp2_4bake20handle_check_updates0Cs6G5DyER1L5a_4bake
FN:226,_RNCNvCs4EkGjsAKdp2_4bake21handle_list_templates0Cs6G5DyER1L5a_4bake
FN:278,_RNCNvCs4EkGjsAKdp2_4bake25handle_validate_templates0Cs6G5DyER1L5a_4bake
FN:140,_RNCNvCs4EkGjsAKdp2_4bake26load_project_with_feedback0Cs6G5DyER1L5a_4bake
FN:511,_RNCNvCs4EkGjsAKdp2_4bake3run0Cs6G5DyER1L5a_4bake
FN:402,_RNCNvCs4EkGjsAKdp2_4bake8run_bake0Cs6G5DyER1L5a_4bake
FN:337,_RNCNCNvCs4EkGjsAKdp2_4bake13handle_render00B5_
FN:391,_RNCNCNvCs4EkGjsAKdp2_4bake13handle_render0s1_0B5_
FN:423,_RNCNCNvCs4EkGjsAKdp2_4bake8run_bake00B5_
FN:447,_RNCNCNvCs4EkGjsAKdp2_4bake8run_bake0s0_0B5_
FN:499,_RNCNCNvCs4EkGjsAKdp2_4bake8run_bake0s1_0B5_
FN:417,_RNCNCNvCs4EkGjsAKdp2_4bake8run_bake0s2_0B5_
FN:444,_RNCNCNvCs4EkGjsAKdp2_4bake8run_bake0s_0B5_
FN:330,_RNCNvCs4EkGjsAKdp2_4bake13handle_render0B3_
FN:193,_RNCNvCs4EkGjsAKdp2_4bake18handle_self_update0B3_
FN:206,_RNCNvCs4EkGjsAKdp2_4bake20handle_check_updates0B3_
FN:226,_RNCNvCs4EkGjsAKdp2_4bake21handle_list_templates0B3_
FN:278,_RNCNvCs4EkGjsAKdp2_4bake25handle_validate_templates0B3_
FN:140,_RNCNvCs4EkGjsAKdp2_4bake26load_project_with_feedback0B3_
FN:511,_RNCNvCs4EkGjsAKdp2_4bake3run0B3_
FN:402,_RNCNvCs4EkGjsAKdp2_4bake8run_bake0B3_
FN:133,_RNCNvCs4EkGjsAKdp2_4bake15parse_variables0B3_
FN:330,_RNvCs4EkGjsAKdp2_4bake13handle_render
FN:124,_RNvCs4EkGjsAKdp2_4bake13parse_key_val
FN:132,_RNvCs4EkGjsAKdp2_4bake15parse_variables
FN:185,_RNvCs4EkGjsAKdp2_4bake17resolve_bake_path
FN:193,_RNvCs4EkGjsAKdp2_4bake18handle_self_update
FN:206,_RNvCs4EkGjsAKdp2_4bake20handle_check_updates
FN:226,_RNvCs4EkGjsAKdp2_4bake21handle_list_templates
FN:278,_RNvCs4EkGjsAKdp2_4bake25handle_validate_templates
FN:136,_RNvCs4EkGjsAKdp2_4bake26load_project_with_feedback
FN:511,_RNvCs4EkGjsAKdp2_4bake3run
FN:402,_RNvCs4EkGjsAKdp2_4bake8run_bake
FN:337,_RNCNCNvCs1lk7uXtNODC_4bake13handle_render00B5_
FN:391,_RNCNCNvCs1lk7uXtNODC_4bake13handle_render0s1_0B5_
FN:330,_RNCNvCs1lk7uXtNODC_4bake13handle_render0B3_
FN:193,_RNCNvCs1lk7uXtNODC_4bake18handle_self_update0B3_
FN:206,_RNCNvCs1lk7uXtNODC_4bake20handle_check_updates0B3_
FN:511,_RNCNvCs1lk7uXtNODC_4bake3run0B3_
FN:330,_RNvCs1lk7uXtNODC_4bake13handle_render
FN:193,_RNvCs1lk7uXtNODC_4bake18handle_self_update
FN:206,_RNvCs1lk7uXtNODC_4bake20handle_check_updates
FN:511,_RNvCs1lk7uXtNODC_4bake3run
FN:765,_RNvNtCs1lk7uXtNODC_4bake5testss_14test_constants
FN:737,_RNvNtCs1lk7uXtNODC_4bake5testss_22test_args_struct_debug
FN:553,_RNvNtCs1lk7uXtNODC_4bake5testss_24test_parse_key_val_valid
FN:700,_RNvNtCs1lk7uXtNODC_4bake5testss_24test_run_bake_no_recipes
FN:584,_RNvNtCs1lk7uXtNODC_4bake5testss_26test_parse_variables_empty
FN:591,_RNvNtCs1lk7uXtNODC_4bake5testss_27test_parse_variables_single
FN:618,_RNvNtCs1lk7uXtNODC_4bake5testss_27test_resolve_bake_path_none
FN:599,_RNvNtCs1lk7uXtNODC_4bake5testss_29test_parse_variables_multiple
FN:565,_RNvNtCs1lk7uXtNODC_4bake5testss_30test_parse_key_val_empty_value
FN:611,_RNvNtCs1lk7uXtNODC_4bake5testss_32test_resolve_bake_path_with_path
FN:578,_RNvNtCs1lk7uXtNODC_4bake5testss_35test_parse_key_val_invalid_only_key
FN:571,_RNvNtCs1lk7uXtNODC_4bake5testss_36test_parse_key_val_invalid_no_equals
FN:626,_RNvNtCs1lk7uXtNODC_4bake5testss_39test_handle_list_templates_no_templates
FN:559,_RNvNtCs1lk7uXtNODC_4bake5testss_39test_parse_key_val_with_equals_in_value
FN:663,_RNvNtCs1lk7uXtNODC_4bake5testss_43test_handle_validate_templates_no_templates
FN:700,_RNCNvNtCs1lk7uXtNODC_4bake5testss_24test_run_bake_no_recipes0B5_
FN:626,_RNCNvNtCs1lk7uXtNODC_4bake5testss_39test_handle_list_templates_no_templates0B5_
FN:663,_RNCNvNtCs1lk7uXtNODC_4bake5testss_43test_handle_validate_templates_no_templates0B5_
FN:124,_RNvCs1lk7uXtNODC_4bake13parse_key_val
FN:132,_RNvCs1lk7uXtNODC_4bake15parse_variables
FN:185,_RNvCs1lk7uXtNODC_4bake17resolve_bake_path
FN:226,_RNvCs1lk7uXtNODC_4bake21handle_list_templates
FN:278,_RNvCs1lk7uXtNODC_4bake25handle_validate_templates
FN:136,_RNvCs1lk7uXtNODC_4bake26load_project_with_feedback
FN:402,_RNvCs1lk7uXtNODC_4bake8run_bake
FN:423,_RNCNCNvCs1lk7uXtNODC_4bake8run_bake00B5_
FN:447,_RNCNCNvCs1lk7uXtNODC_4bake8run_bake0s0_0B5_
FN:499,_RNCNCNvCs1lk7uXtNODC_4bake8run_bake0s1_0B5_
FN:417,_RNCNCNvCs1lk7uXtNODC_4bake8run_bake0s2_0B5_
FN:444,_RNCNCNvCs1lk7uXtNODC_4bake8run_bake0s_0B5_
FN:133,_RNCNvCs1lk7uXtNODC_4bake15parse_variables0B3_
FN:226,_RNCNvCs1lk7uXtNODC_4bake21handle_list_templates0B3_
FN:278,_RNCNvCs1lk7uXtNODC_4bake25handle_validate_templates0B3_
FN:140,_RNCNvCs1lk7uXtNODC_4bake26load_project_with_feedback0B3_
FN:402,_RNCNvCs1lk7uXtNODC_4bake8run_bake0B3_
FNDA:0,_RNCNCNvCs4EkGjsAKdp2_4bake13handle_render00Cs6G5DyER1L5a_4bake
FNDA:0,_RNCNCNvCs4EkGjsAKdp2_4bake13handle_render0s1_0Cs6G5DyER1L5a_4bake
FNDA:0,_RNCNCNvCs4EkGjsAKdp2_4bake8run_bake00Cs6G5DyER1L5a_4bake
FNDA:0,_RNCNCNvCs4EkGjsAKdp2_4bake8run_bake0s0_0Cs6G5DyER1L5a_4bake
FNDA:0,_RNCNCNvCs4EkGjsAKdp2_4bake8run_bake0s1_0Cs6G5DyER1L5a_4bake
FNDA:0,_RNCNCNvCs4EkGjsAKdp2_4bake8run_bake0s2_0Cs6G5DyER1L5a_4bake
FNDA:0,_RNCNCNvCs4EkGjsAKdp2_4bake8run_bake0s_0Cs6G5DyER1L5a_4bake
FNDA:0,_RNCNvCs4EkGjsAKdp2_4bake13handle_render0Cs6G5DyER1L5a_4bake
FNDA:0,_RNCNvCs4EkGjsAKdp2_4bake18handle_self_update0Cs6G5DyER1L5a_4bake
FNDA:0,_RNCNvCs4EkGjsAKdp2_4bake20handle_check_updates0Cs6G5DyER1L5a_4bake
FNDA:0,_RNCNvCs4EkGjsAKdp2_4bake21handle_list_templates0Cs6G5DyER1L5a_4bake
FNDA:0,_RNCNvCs4EkGjsAKdp2_4bake25handle_validate_templates0Cs6G5DyER1L5a_4bake
FNDA:0,_RNCNvCs4EkGjsAKdp2_4bake26load_project_with_feedback0Cs6G5DyER1L5a_4bake
FNDA:0,_RNCNvCs4EkGjsAKdp2_4bake3run0Cs6G5DyER1L5a_4bake
FNDA:0,_RNCNvCs4EkGjsAKdp2_4bake8run_bake0Cs6G5DyER1L5a_4bake
FNDA:0,_RNCNCNvCs4EkGjsAKdp2_4bake13handle_render00B5_
FNDA:0,_RNCNCNvCs4EkGjsAKdp2_4bake13handle_render0s1_0B5_
FNDA:0,_RNCNCNvCs4EkGjsAKdp2_4bake8run_bake00B5_
FNDA:0,_RNCNCNvCs4EkGjsAKdp2_4bake8run_bake0s0_0B5_
FNDA:0,_RNCNCNvCs4EkGjsAKdp2_4bake8run_bake0s1_0B5_
FNDA:0,_RNCNCNvCs4EkGjsAKdp2_4bake8run_bake0s2_0B5_
FNDA:0,_RNCNCNvCs4EkGjsAKdp2_4bake8run_bake0s_0B5_
FNDA:0,_RNCNvCs4EkGjsAKdp2_4bake13handle_render0B3_
FNDA:0,_RNCNvCs4EkGjsAKdp2_4bake18handle_self_update0B3_
FNDA:0,_RNCNvCs4EkGjsAKdp2_4bake20handle_check_updates0B3_
FNDA:0,_RNCNvCs4EkGjsAKdp2_4bake21handle_list_templates0B3_
FNDA:0,_RNCNvCs4EkGjsAKdp2_4bake25handle_validate_templates0B3_
FNDA:0,_RNCNvCs4EkGjsAKdp2_4bake26load_project_with_feedback0B3_
FNDA:0,_RNCNvCs4EkGjsAKdp2_4bake3run0B3_
FNDA:0,_RNCNvCs4EkGjsAKdp2_4bake8run_bake0B3_
FNDA:0,_RNCNvCs4EkGjsAKdp2_4bake15parse_variables0B3_
FNDA:0,_RNvCs4EkGjsAKdp2_4bake13handle_render
FNDA:0,_RNvCs4EkGjsAKdp2_4bake13parse_key_val
FNDA:0,_RNvCs4EkGjsAKdp2_4bake15parse_variables
FNDA:0,_RNvCs4EkGjsAKdp2_4bake17resolve_bake_path
FNDA:0,_RNvCs4EkGjsAKdp2_4bake18handle_self_update
FNDA:0,_RNvCs4EkGjsAKdp2_4bake20handle_check_updates
FNDA:0,_RNvCs4EkGjsAKdp2_4bake21handle_list_templates
FNDA:0,_RNvCs4EkGjsAKdp2_4bake25handle_validate_templates
FNDA:0,_RNvCs4EkGjsAKdp2_4bake26load_project_with_feedback
FNDA:0,_RNvCs4EkGjsAKdp2_4bake3run
FNDA:0,_RNvCs4EkGjsAKdp2_4bake8run_bake
FNDA:0,_RNCNCNvCs1lk7uXtNODC_4bake13handle_render00B5_
FNDA:0,_RNCNCNvCs1lk7uXtNODC_4bake13handle_render0s1_0B5_
FNDA:0,_RNCNvCs1lk7uXtNODC_4bake13handle_render0B3_
FNDA:0,_RNCNvCs1lk7uXtNODC_4bake18handle_self_update0B3_
FNDA:0,_RNCNvCs1lk7uXtNODC_4bake20handle_check_updates0B3_
FNDA:0,_RNCNvCs1lk7uXtNODC_4bake3run0B3_
FNDA:0,_RNvCs1lk7uXtNODC_4bake13handle_render
FNDA:0,_RNvCs1lk7uXtNODC_4bake18handle_self_update
FNDA:0,_RNvCs1lk7uXtNODC_4bake20handle_check_updates
FNDA:0,_RNvCs1lk7uXtNODC_4bake3run
FNDA:1,_RNvNtCs1lk7uXtNODC_4bake5testss_14test_constants
FNDA:1,_RNvNtCs1lk7uXtNODC_4bake5testss_22test_args_struct_debug
FNDA:1,_RNvNtCs1lk7uXtNODC_4bake5testss_24test_parse_key_val_valid
FNDA:1,_RNvNtCs1lk7uXtNODC_4bake5testss_24test_run_bake_no_recipes
FNDA:1,_RNvNtCs1lk7uXtNODC_4bake5testss_26test_parse_variables_empty
FNDA:1,_RNvNtCs1lk7uXtNODC_4bake5testss_27test_parse_variables_single
FNDA:1,_RNvNtCs1lk7uXtNODC_4bake5testss_27test_resolve_bake_path_none
FNDA:1,_RNvNtCs1lk7uXtNODC_4bake5testss_29test_parse_variables_multiple
FNDA:1,_RNvNtCs1lk7uXtNODC_4bake5testss_30test_parse_key_val_empty_value
FNDA:1,_RNvNtCs1lk7uXtNODC_4bake5testss_32test_resolve_bake_path_with_path
FNDA:1,_RNvNtCs1lk7uXtNODC_4bake5testss_35test_parse_key_val_invalid_only_key
FNDA:1,_RNvNtCs1lk7uXtNODC_4bake5testss_36test_parse_key_val_invalid_no_equals
FNDA:1,_RNvNtCs1lk7uXtNODC_4bake5testss_39test_handle_list_templates_no_templates
FNDA:1,_RNvNtCs1lk7uXtNODC_4bake5testss_39test_parse_key_val_with_equals_in_value
FNDA:1,_RNvNtCs1lk7uXtNODC_4bake5testss_43test_handle_validate_templates_no_templates
FNDA:1,_RNCNvNtCs1lk7uXtNODC_4bake5testss_24test_run_bake_no_recipes0B5_
FNDA:1,_RNCNvNtCs1lk7uXtNODC_4bake5testss_39test_handle_list_templates_no_templates0B5_
FNDA:1,_RNCNvNtCs1lk7uXtNODC_4bake5testss_43test_handle_validate_templates_no_templates0B5_
FNDA:5,_RNvCs1lk7uXtNODC_4bake13parse_key_val
FNDA:6,_RNvCs1lk7uXtNODC_4bake15parse_variables
FNDA:5,_RNvCs1lk7uXtNODC_4bake17resolve_bake_path
FNDA:1,_RNvCs1lk7uXtNODC_4bake21handle_list_templates
FNDA:1,_RNvCs1lk7uXtNODC_4bake25handle_validate_templates
FNDA:3,_RNvCs1lk7uXtNODC_4bake26load_project_with_feedback
FNDA:1,_RNvCs1lk7uXtNODC_4bake8run_bake
FNDA:0,_RNCNCNvCs1lk7uXtNODC_4bake8run_bake00B5_
FNDA:0,_RNCNCNvCs1lk7uXtNODC_4bake8run_bake0s0_0B5_
FNDA:0,_RNCNCNvCs1lk7uXtNODC_4bake8run_bake0s1_0B5_
FNDA:0,_RNCNCNvCs1lk7uXtNODC_4bake8run_bake0s2_0B5_
FNDA:0,_RNCNCNvCs1lk7uXtNODC_4bake8run_bake0s_0B5_
FNDA:3,_RNCNvCs1lk7uXtNODC_4bake15parse_variables0B3_
FNDA:1,_RNCNvCs1lk7uXtNODC_4bake21handle_list_templates0B3_
FNDA:1,_RNCNvCs1lk7uXtNODC_4bake25handle_validate_templates0B3_
FNDA:3,_RNCNvCs1lk7uXtNODC_4bake26load_project_with_feedback0B3_
FNDA:1,_RNCNvCs1lk7uXtNODC_4bake8run_bake0B3_
FNF:45
FNH:30
DA:124,5
DA:125,5
DA:126,5
DA:127,2
DA:128,3
DA:129,3
DA:130,5
DA:132,6
DA:133,6
DA:134,6
DA:136,3
DA:137,3
DA:138,3
DA:139,3
DA:140,3
DA:141,3
DA:142,3
DA:144,3
DA:145,3
DA:146,0
DA:148,3
DA:149,3
DA:150,3
DA:151,3
DA:152,3
DA:153,3
DA:154,3
DA:155,0
DA:156,0
DA:157,0
DA:158,0
DA:159,0
DA:160,0
DA:161,0
DA:165,3
DA:166,3
DA:167,3
DA:168,3
DA:169,0
DA:172,3
DA:173,3
DA:174,3
DA:175,3
DA:176,3
DA:177,3
DA:178,3
DA:179,3
DA:180,0
DA:182,3
DA:183,3
DA:185,5
DA:186,5
DA:187,4
DA:188,1
DA:189,1
DA:191,5
DA:193,0
DA:194,0
DA:196,0
DA:197,0
DA:198,0
DA:199,0
DA:200,0
DA:203,0
DA:204,0
DA:206,0
DA:207,0
DA:208,0
DA:209,0
DA:210,0
DA:211,0
DA:212,0
DA:214,0
DA:215,0
DA:216,0
DA:217,0
DA:218,0
DA:219,0
DA:220,0
DA:221,0
DA:223,0
DA:224,0
DA:226,1
DA:227,1
DA:228,1
DA:229,1
DA:231,1
DA:232,1
DA:233,1
DA:234,0
DA:236,0
DA:237,0
DA:239,0
DA:240,0
DA:242,0
DA:243,0
DA:244,0
DA:246,0
DA:247,0
DA:248,0
DA:249,0
DA:250,0
DA:251,0
DA:252,0
DA:253,0
DA:254,0
DA:257,0
DA:258,0
DA:259,0
DA:261,0
DA:264,0
DA:266,0
DA:267,0
DA:268,0
DA:270,0
DA:272,0
DA:275,0
DA:276,1
DA:278,1
DA:279,1
DA:280,1
DA:281,1
DA:283,1
DA:284,1
DA:285,1
DA:286,0
DA:288,0
DA:289,0
DA:291,0
DA:293,0
DA:294,0
DA:297,0
DA:298,0
DA:299,0
DA:300,0
DA:301,0
DA:304,0
DA:305,0
DA:306,0
DA:307,0
DA:308,0
DA:309,0
DA:310,0
DA:311,0
DA:312,0
DA:313,0
DA:314,0
DA:315,0
DA:319,0
DA:320,0
DA:321,0
DA:322,0
DA:323,0
DA:324,0
DA:327,0
DA:328,1
DA:330,0
DA:331,0
DA:332,0
DA:333,0
DA:334,0
DA:336,0
DA:337,0
DA:340,0
DA:341,0
DA:343,0
DA:344,0
DA:345,0
DA:346,0
DA:347,0
DA:349,0
DA:351,0
DA:353,0
DA:357,0
DA:358,0
DA:359,0
DA:360,0
DA:362,0
DA:363,0
DA:367,0
DA:368,0
DA:369,0
DA:370,0
DA:371,0
DA:372,0
DA:376,0
DA:377,0
DA:380,0
DA:381,0
DA:384,0
DA:385,0
DA:388,0
DA:389,0
DA:390,0
DA:391,0
DA:392,0
DA:394,0
DA:395,0
DA:396,0
DA:399,0
DA:400,0
DA:402,1
DA:403,1
DA:404,1
DA:405,1
DA:408,1
DA:409,0
DA:411,0
DA:412,0
DA:413,0
DA:414,0
DA:416,0
DA:417,0
DA:420,0
DA:421,0
DA:422,0
DA:423,0
DA:424,0
DA:426,0
DA:427,0
DA:428,0
DA:431,0
DA:432,0
DA:435,0
DA:436,0
DA:437,0
DA:438,0
DA:439,0
DA:441,0
DA:442,0
DA:443,0
DA:444,0
DA:446,0
DA:447,0
DA:449,0
DA:450,0
DA:452,0
DA:454,0
DA:457,0
DA:458,1
DA:461,1
DA:463,1
DA:464,1
DA:465,1
DA:466,0
DA:469,0
DA:471,0
DA:472,0
DA:473,0
DA:476,0
DA:477,0
DA:478,0
DA:479,0
DA:480,0
DA:483,0
DA:484,0
DA:485,0
DA:488,0
DA:491,0
DA:492,0
DA:493,0
DA:496,0
DA:497,0
DA:498,0
DA:499,0
DA:500,0
DA:502,0
DA:503,0
DA:504,0
DA:507,0
DA:508,1
DA:511,0
DA:512,0
DA:514,0
DA:515,0
DA:516,0
DA:517,0
DA:519,0
DA:521,0
DA:522,0
DA:523,0
DA:525,0
DA:526,0
DA:527,0
DA:530,0
DA:531,0
DA:532,0
DA:534,0
DA:535,0
DA:536,0
DA:538,0
DA:539,0
DA:540,0
DA:543,0
DA:544,0
DA:553,1
DA:554,1
DA:555,1
DA:556,1
DA:559,1
DA:560,1
DA:561,1
DA:562,1
DA:565,1
DA:566,1
DA:567,1
DA:568,1
DA:571,1
DA:572,1
DA:573,1
DA:574,1
DA:575,1
DA:578,1
DA:579,1
DA:580,1
DA:581,1
DA:584,1
DA:585,1
DA:586,1
DA:587,1
DA:588,1
DA:591,1
DA:592,1
DA:593,1
DA:594,1
DA:595,1
DA:596,1
DA:599,1
DA:600,1
DA:601,1
DA:602,1
DA:604,1
DA:605,1
DA:606,1
DA:607,1
DA:608,1
DA:611,1
DA:612,1
DA:613,1
DA:614,1
DA:615,1
DA:618,1
DA:619,1
DA:620,1
DA:622,1
DA:623,1
DA:626,1
DA:627,1
DA:630,1
DA:631,1
DA:632,1
DA:633,1
DA:635,1
DA:636,1
DA:637,1
DA:638,1
DA:639,1
DA:640,1
DA:641,1
DA:642,1
DA:643,1
DA:644,1
DA:645,1
DA:646,1
DA:647,1
DA:648,1
DA:649,1
DA:650,1
DA:651,1
DA:652,1
DA:653,1
DA:654,1
DA:655,1
DA:658,1
DA:659,1
DA:660,1
DA:663,1
DA:664,1
DA:667,1
DA:668,1
DA:669,1
DA:670,1
DA:672,1
DA:673,1
DA:674,1
DA:675,1
DA:676,1
DA:677,1
DA:678,1
DA:679,1
DA:680,1
DA:681,1
DA:682,1
DA:683,1
DA:684,1
DA:685,1
DA:686,1
DA:687,1
DA:688,1
DA:689,1
DA:690,1
DA:691,1
DA:692,1
DA:695,1
DA:696,1
DA:697,1
DA:700,1
DA:701,1
DA:704,1
DA:705,1
DA:706,1
DA:707,1
DA:709,1
DA:710,1
DA:711,1
DA:712,1
DA:713,1
DA:714,1
DA:715,1
DA:716,1
DA:717,1
DA:718,1
DA:719,1
DA:720,1
DA:721,1
DA:722,1
DA:723,1
DA:724,1
DA:725,1
DA:726,1
DA:727,1
DA:728,1
DA:729,1
DA:732,1
DA:733,1
DA:734,1
DA:737,1
DA:738,1
DA:739,1
DA:740,1
DA:741,1
DA:742,1
DA:743,1
DA:744,1
DA:745,1
DA:746,1
DA:747,1
DA:748,1
DA:749,1
DA:750,1
DA:751,1
DA:752,1
DA:753,1
DA:754,1
DA:755,1
DA:756,1
DA:757,1
DA:758,1
DA:761,1
DA:762,1
DA:765,1
DA:767,1
DA:768,1
DA:769,1
DA:770,1
BRF:0
BRH:0
LF:487
LH:254
end_of_record
SF:/Users/theoribeiro/Dev/tools/bake/src/main.rs
FN:2,_RNvCs6G5DyER1L5a_4bake4main
FN:2,_RNCNvCs6G5DyER1L5a_4bake4main0B3_
FN:2,_RNCNvCsibqvLVxu3b6_4bake4main0B3_
FN:2,_RNvCsibqvLVxu3b6_4bake4main
FNDA:0,_RNvCs6G5DyER1L5a_4bake4main
FNDA:0,_RNCNvCs6G5DyER1L5a_4bake4main0B3_
FNDA:0,_RNCNvCsibqvLVxu3b6_4bake4main0B3_
FNDA:0,_RNvCsibqvLVxu3b6_4bake4main
FNF:2
FNH:0
DA:2,0
DA:3,0
DA:4,0
BRF:0
BRH:0
LF:5
LH:0
end_of_record
SF:/Users/theoribeiro/Dev/tools/bake/src/project/config.rs
FN:90,_RNvNtNtCs4EkGjsAKdp2_4bake7project6config14validate_order
FN:144,_RNvNtNtCs4EkGjsAKdp2_4bake7project6config17bool_true_default
FN:148,_RNvNtNtCs4EkGjsAKdp2_4bake7project6config20max_parallel_default
FN:152,_RNvNtNtCs4EkGjsAKdp2_4bake7project6config29update_check_interval_default
FN:15,_RNvXNtNtCs4EkGjsAKdp2_4bake7project6configNtB2_16LocalCacheConfigNtNtCs4ZQmVerOrPM_4core7default7Default7default
FN:80,_RNvXs0_NtNtCs4EkGjsAKdp2_4bake7project6configNtB5_12UpdateConfigNtNtCs4ZQmVerOrPM_4core7default7Default7default
FN:131,_RNvXs1_NtNtCs4EkGjsAKdp2_4bake7project6configNtB5_10ToolConfigNtNtCs4ZQmVerOrPM_4core7default7Default7default
FN:54,_RNvXs_NtNtCs4EkGjsAKdp2_4bake7project6configNtB4_11CacheConfigNtNtCs4ZQmVerOrPM_4core7default7Default7default
FN:93,_RNCNvNtNtCs4EkGjsAKdp2_4bake7project6config14validate_order0B7_
FN:90,_RNvNtNtCs1lk7uXtNODC_4bake7project6config14validate_order
FN:144,_RNvNtNtCs1lk7uXtNODC_4bake7project6config17bool_true_default
FN:148,_RNvNtNtCs1lk7uXtNODC_4bake7project6config20max_parallel_default
FN:152,_RNvNtNtCs1lk7uXtNODC_4bake7project6config29update_check_interval_default
FN:15,_RNvXNtNtCs1lk7uXtNODC_4bake7project6configNtB2_16LocalCacheConfigNtNtCs4ZQmVerOrPM_4core7default7Default7default
FN:80,_RNvXs0_NtNtCs1lk7uXtNODC_4bake7project6configNtB5_12UpdateConfigNtNtCs4ZQmVerOrPM_4core7default7Default7default
FN:131,_RNvXs1_NtNtCs1lk7uXtNODC_4bake7project6configNtB5_10ToolConfigNtNtCs4ZQmVerOrPM_4core7default7Default7default
FN:54,_RNvXs_NtNtCs1lk7uXtNODC_4bake7project6configNtB4_11CacheConfigNtNtCs4ZQmVerOrPM_4core7default7Default7default
FN:93,_RNCNvNtNtCs1lk7uXtNODC_4bake7project6config14validate_order0B7_
[...]
FNDA:0,_RNCNvMs_NtCs4EkGjsAKdp2_4bake8templateNtB6_15VariableContext5merges0_0B8_
FNDA:50,_RNCNvMs_NtCs4EkGjsAKdp2_4bake8templateNtB6_15VariableContext5merges_0B8_
FNDA:0,_RNvXs1_NtCs1lk7uXtNODC_4bake8templateNtB5_22VariableContextBuilderNtNtCs4ZQmVerOrPM_4core7default7Default7default
FNDA:81,_RNvMNtCs1lk7uXtNODC_4bake8templateNtB2_18VariableFileLoader24load_variables_from_file
FNDA:81,_RNvMNtCs1lk7uXtNODC_4bake8templateNtB2_18VariableFileLoader29extract_environment_variables
FNDA:214,_RNvMNtCs1lk7uXtNODC_4bake8templateNtB2_18VariableFileLoader29load_variables_from_directory
FNDA:140,_RNvMs0_NtCs1lk7uXtNODC_4bake8templateNtB5_22VariableContextBuilder11environment
FNDA:45,_RNvMs0_NtCs1lk7uXtNODC_4bake8templateNtB5_22VariableContextBuilder24variables_from_directory
FNDA:148,_RNvMs0_NtCs1lk7uXtNODC_4bake8templateNtB5_22VariableContextBuilder3new
FNDA:148,_RNvMs0_NtCs1lk7uXtNODC_4bake8templateNtB5_22VariableContextBuilder5build
FNDA:140,_RNvMs0_NtCs1lk7uXtNODC_4bake8templateNtB5_22VariableContextBuilder9overrides
FNDA:101,_RNvMs0_NtCs1lk7uXtNODC_4bake8templateNtB5_22VariableContextBuilder9variables
FNDA:2651,_RNvMs_NtCs1lk7uXtNODC_4bake8templateNtB4_15VariableContext12yaml_to_json
FNDA:951,_RNvMs_NtCs1lk7uXtNODC_4bake8templateNtB4_15VariableContext14parse_template
FNDA:786,_RNvMs_NtCs1lk7uXtNODC_4bake8templateNtB4_15VariableContext17process_variables
FNDA:118,_RNvMs_NtCs1lk7uXtNODC_4bake8templateNtB4_15VariableContext19render_raw_template
FNDA:494,_RNvMs_NtCs1lk7uXtNODC_4bake8templateNtB4_15VariableContext22with_project_constants
FNDA:446,_RNvMs_NtCs1lk7uXtNODC_4bake8templateNtB4_15VariableContext23with_cookbook_constants
FNDA:4461,_RNvMs_NtCs1lk7uXtNODC_4bake8templateNtB4_15VariableContext25process_template_in_value
FNDA:148,_RNvMs_NtCs1lk7uXtNODC_4bake8templateNtB4_15VariableContext5empty
FNDA:821,_RNvMs_NtCs1lk7uXtNODC_4bake8templateNtB4_15VariableContext5merge
FNDA:148,_RNvMs_NtCs1lk7uXtNODC_4bake8templateNtB4_15VariableContext7builder
FNDA:1,_RNvNtNtCs1lk7uXtNODC_4bake8template4tests_19test_parse_template
FNDA:1,_RNvNtNtCs1lk7uXtNODC_4bake8template4tests_24test_parse_variable_list
FNDA:1,_RNvNtNtCs1lk7uXtNODC_4bake8template4tests_25test_variable_inheritance
FNDA:1,_RNvNtNtCs1lk7uXtNODC_4bake8template4tests_27test_variable_context_merge
FNDA:1,_RNvNtNtCs1lk7uXtNODC_4bake8template4tests_29test_variable_context_builder
FNDA:1,_RNvNtNtCs1lk7uXtNODC_4bake8template4tests_34test_boolean_template_substitution
FNDA:1,_RNvNtNtCs1lk7uXtNODC_4bake8template4tests_48test_process_template_in_value_type_preservation
FNDA:0,_RNCNCNvMs_NtCs1lk7uXtNODC_4bake8templateNtB8_15VariableContext12yaml_to_json00Ba_
FNDA:0,_RNCNvMNtCs1lk7uXtNODC_4bake8templateNtB4_18VariableFileLoader24load_variables_from_file0B6_
FNDA:0,_RNCNvMNtCs1lk7uXtNODC_4bake8templateNtB4_18VariableFileLoader24load_variables_from_files_0B6_
FNDA:0,_RNCNvMNtCs1lk7uXtNODC_4bake8templateNtB4_18VariableFileLoader29extract_environment_variables0B6_
FNDA:0,_RNCNvMNtCs1lk7uXtNODC_4bake8templateNtB4_18VariableFileLoader29extract_environment_variabless0_0B6_
FNDA:0,_RNCNvMNtCs1lk7uXtNODC_4bake8templateNtB4_18VariableFileLoader29extract_environment_variabless1_0B6_
FNDA:0,_RNCNvMNtCs1lk7uXtNODC_4bake8templateNtB4_18VariableFileLoader29extract_environment_variabless2_0B6_
FNDA:0,_RNCNvMNtCs1lk7uXtNODC_4bake8templateNtB4_18VariableFileLoader29extract_environment_variabless3_0B6_
FNDA:0,_RNCNvMNtCs1lk7uXtNODC_4bake8templateNtB4_18VariableFileLoader29extract_environment_variabless_0B6_
FNDA:0,_RNCNvMs_NtCs1lk7uXtNODC_4bake8templateNtB6_15VariableContext12yaml_to_json0B8_
FNDA:903,_RNCNvMs_NtCs1lk7uXtNODC_4bake8templateNtB6_15VariableContext14parse_template0B8_
FNDA:1874,_RNCNvMs_NtCs1lk7uXtNODC_4bake8templateNtB6_15VariableContext14parse_templates0_0B8_
FNDA:2259,_RNCNvMs_NtCs1lk7uXtNODC_4bake8templateNtB6_15VariableContext14parse_templates_0B8_
FNDA:1581,_RNCNvMs_NtCs1lk7uXtNODC_4bake8templateNtB6_15VariableContext17process_variables0B8_
FNDA:0,_RNCNvMs_NtCs1lk7uXtNODC_4bake8templateNtB6_15VariableContext19render_raw_template0B8_
FNDA:353,_RNCNvMs_NtCs1lk7uXtNODC_4bake8templateNtB6_15VariableContext19render_raw_templates0_0B8_
FNDA:2,_RNCNvMs_NtCs1lk7uXtNODC_4bake8templateNtB6_15VariableContext19render_raw_templates_0B8_
FNDA:0,_RNCNvMs_NtCs1lk7uXtNODC_4bake8templateNtB6_15VariableContext23with_cookbook_constants0B8_
FNDA:1,_RNCNvMs_NtCs1lk7uXtNODC_4bake8templateNtB6_15VariableContext5merge0B8_
FNDA:0,_RNCNvMs_NtCs1lk7uXtNODC_4bake8templateNtB6_15VariableContext5merges0_0B8_
FNDA:820,_RNCNvMs_NtCs1lk7uXtNODC_4bake8templateNtB6_15VariableContext5merges_0B8_
FNF:48
FNH:34
DA:21,234
DA:22,234
DA:23,234
DA:24,234
DA:26,234
DA:28,828
DA:29,680
DA:30,680
DA:31,86
DA:32,594
DA:36,148
DA:37,234
DA:48,91
DA:49,91
DA:50,91
DA:51,91
DA:52,91
DA:53,0
DA:54,0
DA:55,0
DA:58,0
DA:61,91
DA:62,0
DA:63,0
DA:64,0
DA:67,0
DA:70,91
DA:71,91
DA:83,91
DA:84,91
DA:85,91
DA:86,91
DA:87,91
DA:88,91
DA:89,0
DA:90,0
DA:91,0
DA:93,0
DA:96,91
DA:99,91
DA:100,91
DA:102,91
DA:103,0
DA:104,0
DA:105,0
DA:107,0
DA:109,323
DA:110,232
DA:111,0
DA:112,0
DA:113,0
DA:115,0
DA:117,232
DA:119,0
DA:122,91
DA:123,89
DA:124,91
DA:126,89
DA:127,89
DA:128,0
DA:129,0
DA:130,0
DA:132,5
DA:133,89
DA:135,5
DA:136,5
DA:137,0
DA:139,0
DA:140,0
DA:143,17
DA:144,12
DA:145,0
DA:146,0
DA:148,0
DA:150,0
DA:152,12
DA:157,84
DA:158,0
DA:160,0
DA:165,2
DA:166,0
DA:167,0
DA:170,0
DA:172,91
DA:173,91
DA:192,2716
DA:193,2716
DA:194,5
DA:195,101
DA:196,8
DA:197,8
DA:198,8
DA:199,0
DA:200,0
DA:201,0
DA:202,0
DA:203,0
DA:204,0
DA:206,0
DA:209,2562
DA:210,40
DA:211,40
DA:213,0
DA:214,0
DA:215,0
DA:216,0
DA:217,0
DA:218,0
DA:219,0
DA:220,0
DA:221,0
DA:223,0
DA:225,2716
DA:227,121
DA:228,121
DA:229,121
DA:231,121
DA:232,0
DA:233,0
DA:236,121
DA:239,121
DA:240,121
DA:241,121
DA:242,121
DA:243,121
DA:246,121
DA:247,121
DA:248,121
DA:249,121
DA:250,121
DA:252,121
DA:253,362
DA:255,121
DA:256,121
DA:257,0
DA:258,0
DA:263,121
DA:265,170
DA:266,170
DA:267,170
DA:268,170
DA:269,170
DA:270,170
DA:271,170
DA:272,170
DA:275,169
DA:276,169
DA:277,169
DA:280,871
DA:281,871
DA:282,871
DA:283,871
DA:284,871
DA:285,871
DA:286,871
DA:287,871
DA:288,871
DA:291,826
DA:292,826
DA:293,826
DA:294,1626
DA:295,1626
DA:297,2
DA:298,2
DA:299,2
DA:300,0
DA:302,2
DA:303,2
DA:304,1624
DA:307,1624
DA:308,1615
DA:310,6
DA:311,6
DA:312,6
DA:315,6
DA:316,6
DA:317,0
DA:320,1618
DA:323,1624
DA:324,1624
DA:325,1626
DA:326,826
DA:329,982
DA:331,982
DA:332,982
DA:333,982
DA:334,982
DA:335,982
DA:337,982
DA:339,982
DA:340,982
DA:341,0
DA:342,0
DA:346,982
DA:349,982
DA:350,982
DA:351,982
DA:352,2314
DA:353,982
DA:355,982
DA:356,1936
DA:358,982
DA:359,982
DA:360,0
DA:361,0
DA:366,982
DA:369,524
DA:370,524
DA:371,524
DA:373,524
DA:375,524
DA:376,524
DA:377,524
DA:378,524
DA:379,524
DA:380,524
DA:381,524
DA:384,469
DA:385,469
DA:386,469
DA:387,469
DA:388,469
DA:389,469
DA:390,469
DA:392,469
DA:394,469
DA:395,469
DA:396,469
DA:397,469
DA:398,469
DA:399,469
DA:400,469
DA:403,4614
DA:404,4614
DA:405,4614
DA:406,4614
DA:407,4614
DA:408,4614
DA:409,2260
DA:411,2260
DA:412,381
DA:416,381
DA:417,381
DA:418,381
DA:419,381
DA:420,0
DA:421,0
DA:422,0
DA:423,1879
DA:425,1440
DA:426,3662
DA:428,3662
DA:429,3657
DA:431,634
DA:432,3028
DA:433,3028
DA:436,832
DA:437,1285
DA:438,1285
DA:441,82
DA:443,4614
DA:444,4614
DA:454,170
DA:455,170
DA:456,170
DA:457,170
DA:458,170
DA:460,161
DA:461,161
DA:462,161
DA:463,161
DA:465,115
DA:466,115
DA:467,115
DA:468,115
DA:470,161
DA:471,161
DA:472,161
DA:473,161
DA:484,53
DA:485,53
DA:486,53
DA:487,53
DA:488,53
DA:489,53
DA:490,53
DA:491,53
DA:492,53
DA:494,170
DA:495,170
DA:496,170
DA:500,0
DA:501,0
DA:502,0
DA:511,1
DA:512,1
DA:513,1
DA:514,1
DA:515,1
DA:516,1
DA:517,1
DA:520,1
DA:521,1
DA:522,1
DA:523,1
DA:524,1
DA:525,1
DA:527,1
DA:528,1
DA:530,1
DA:531,1
DA:533,1
DA:534,1
DA:535,1
DA:536,1
DA:537,1
DA:540,1
DA:541,1
DA:542,1
DA:544,1
DA:546,1
DA:547,1
DA:548,1
DA:549,1
DA:550,1
DA:551,1
DA:552,1
DA:553,1
DA:554,1
DA:555,1
DA:556,1
DA:557,1
DA:558,1
DA:559,1
DA:560,1
DA:561,1
DA:562,1
DA:563,1
DA:566,1
DA:567,1
DA:568,1
DA:569,1
DA:570,1
DA:571,1
DA:572,1
DA:574,1
DA:575,1
DA:576,1
DA:577,1
DA:579,1
DA:580,1
DA:581,1
DA:583,1
DA:584,1
DA:585,1
DA:587,1
DA:588,1
DA:589,1
DA:591,1
DA:594,1
DA:595,1
DA:596,1
DA:597,1
DA:598,1
DA:599,1
DA:601,1
DA:602,1
DA:603,1
DA:604,1
DA:605,1
DA:606,1
DA:608,1
DA:609,1
DA:610,1
DA:611,1
DA:613,1
DA:614,1
DA:615,0
DA:616,1
DA:617,1
DA:620,1
DA:621,1
DA:622,1
DA:623,1
DA:624,1
DA:625,1
DA:628,1
DA:629,1
DA:630,1
DA:631,1
DA:632,1
DA:635,1
DA:637,1
DA:638,1
DA:639,1
DA:640,1
DA:641,1
DA:643,1
DA:644,1
DA:645,1
DA:647,1
DA:650,1
DA:652,1
DA:653,1
DA:654,1
DA:655,1
DA:658,1
DA:659,1
DA:660,1
DA:661,1
DA:662,1
DA:663,1
DA:664,1
DA:665,1
DA:666,1
DA:667,1
DA:670,1
DA:671,1
DA:672,1
DA:673,1
DA:676,1
DA:677,1
DA:678,1
DA:680,1
DA:681,1
DA:684,1
DA:685,1
DA:686,1
DA:687,1
DA:689,1
DA:690,1
DA:693,1
DA:694,1
DA:695,1
DA:696,1
DA:698,1
DA:699,1
DA:702,1
DA:703,1
DA:704,1
DA:706,1
DA:707,1
DA:708,1
DA:710,1
DA:713,1
DA:715,1
DA:716,1
DA:717,1
DA:718,1
DA:719,1
DA:720,1
DA:721,1
DA:722,1
DA:724,1
DA:726,1
DA:729,1
DA:730,1
DA:733,1
DA:734,1
DA:737,1
DA:738,1
DA:741,1
DA:744,1
DA:748,1
DA:749,1
DA:750,1
DA:751,1
DA:752,1
DA:753,1
DA:754,1
DA:756,1
DA:759,1
DA:760,1
DA:761,1
DA:762,1
DA:763,1
DA:764,1
DA:765,1
DA:766,1
DA:767,1
DA:768,1
DA:769,1
DA:770,1
DA:771,1
DA:773,1
DA:776,1
DA:779,1
DA:780,1
DA:781,1
DA:782,1
DA:784,1
DA:785,1
DA:786,1
DA:787,0
DA:788,1
BRF:0
BRH:0
LF:520
LH:432
end_of_record
SF:/Users/theoribeiro/Dev/tools/bake/src/update.rs
FN:77,_RNCNvNtCs4EkGjsAKdp2_4bake6update17check_for_updates0Cs6G5DyER1L5a_4bake
FN:77,_RNCNvNtCs4EkGjsAKdp2_4bake6update17check_for_updates0B5_
FN:250,_RNvNtCs4EkGjsAKdp2_4bake6update13is_prerelease
FN:317,_RNvNtCs4EkGjsAKdp2_4bake6update17can_update_binary
FN:77,_RNvNtCs4EkGjsAKdp2_4bake6update17check_for_updates
FN:153,_RNvNtCs4EkGjsAKdp2_4bake6update19perform_self_update
FN:34,_RNvNtCs4EkGjsAKdp2_4bake6update21get_update_check_file
FN:47,_RNvNtCs4EkGjsAKdp2_4bake6update24should_check_for_updates
FN:258,_RNvNtCs4EkGjsAKdp2_4bake6update24should_skip_update_check
FN:69,_RNvNtCs4EkGjsAKdp2_4bake6update27update_last_check_timestamp
FN:286,_RNvNtCs4EkGjsAKdp2_4bake6update31is_package_managed_installation
FN:23,_RNvXNtCs4EkGjsAKdp2_4bake6updateNtB2_12UpdateConfigNtNtCs4ZQmVerOrPM_4core7default7Default7default
FN:38,_RNCNvNtCs4EkGjsAKdp2_4bake6update21get_update_check_file0B5_
FN:153,_RNvNtCs1lk7uXtNODC_4bake6update19perform_self_update
FN:455,_RNvNtNtCs1lk7uXtNODC_4bake6update5testss_18test_is_prerelease
FN:563,_RNvNtNtCs1lk7uXtNODC_4bake6update5testss_22test_can_update_binary
FN:347,_RNvNtNtCs1lk7uXtNODC_4bake6update5testss_26test_update_config_default
FN:543,_RNvNtNtCs1lk7uXtNODC_4bake6update5testss_32test_update_last_check_timestamp
FN:356,_RNvNtNtCs1lk7uXtNODC_4bake6update5testss_35test_should_skip_update_check_in_ci
FN:465,_RNvNtNtCs1lk7uXtNODC_4bake6update5testss_36test_is_package_managed_installation
FN:370,_RNvNtNtCs1lk7uXtNODC_4bake6update5testss_37test_should_check_for_updates_no_file
FN:363,_RNvNtNtCs1lk7uXtNODC_4bake6update5testss_38test_should_skip_update_check_in_cargo
FN:430,_RNvNtNtCs1lk7uXtNODC_4bake6update5testss_41test_should_check_for_updates_force_check
FN:407,_RNvNtNtCs1lk7uXtNODC_4bake6update5testss_43test_should_check_for_updates_with_old_file
FN:596,_RNvNtNtCs1lk7uXtNODC_4bake6update5testss_44test_should_skip_update_check_github_actions
FN:384,_RNvNtNtCs1lk7uXtNODC_4bake6update5testss_46test_should_check_for_updates_with_recent_file
FN:520,_RNvNtNtCs1lk7uXtNODC_4bake6update5testss_48test_get_update_check_file_with_custom_cache_dir
FN:533,_RNvNtNtCs1lk7uXtNODC_4bake6update5testss_49test_get_update_check_file_with_default_cache_dir
FN:508,_RNvNtNtCs1lk7uXtNODC_4bake6update5testss_50test_is_package_managed_installation_with_symlinks
FN:610,_RNvNtNtCs1lk7uXtNODC_4bake6update5testss_52test_should_check_for_updates_invalid_timestamp_file
FN:603,_RNvNtNtCs1lk7uXtNODC_4bake6update5testss_52test_should_skip_update_check_continuous_integration
FN:573,_RNvNtNtCs1lk7uXtNODC_4bake6update5testss_61test_should_skip_update_check_detects_ci_and_dev_environments
FN:77,_RNCNvNtCs1lk7uXtNODC_4bake6update17check_for_updates0B5_
FN:38,_RNCNvNtCs1lk7uXtNODC_4bake6update21get_update_check_file0B5_
FN:250,_RNvNtCs1lk7uXtNODC_4bake6update13is_prerelease
FN:317,_RNvNtCs1lk7uXtNODC_4bake6update17can_update_binary
FN:77,_RNvNtCs1lk7uXtNODC_4bake6update17check_for_updates
FN:34,_RNvNtCs1lk7uXtNODC_4bake6update21get_update_check_file
FN:47,_RNvNtCs1lk7uXtNODC_4bake6update24should_check_for_updates
FN:258,_RNvNtCs1lk7uXtNODC_4bake6update24should_skip_update_check
FN:69,_RNvNtCs1lk7uXtNODC_4bake6update27update_last_check_timestamp
FN:286,_RNvNtCs1lk7uXtNODC_4bake6update31is_package_managed_installation
FN:23,_RNvXNtCs1lk7uXtNODC_4bake6updateNtB2_12UpdateConfigNtNtCs4ZQmVerOrPM_4core7default7Default7default
FNDA:0,_RNCNvNtCs4EkGjsAKdp2_4bake6update17check_for_updates0Cs6G5DyER1L5a_4bake
FNDA:0,_RNCNvNtCs4EkGjsAKdp2_4bake6update17check_for_updates0B5_
FNDA:0,_RNvNtCs4EkGjsAKdp2_4bake6update13is_prerelease
FNDA:0,_RNvNtCs4EkGjsAKdp2_4bake6update17can_update_binary
FNDA:0,_RNvNtCs4EkGjsAKdp2_4bake6update17check_for_updates
FNDA:0,_RNvNtCs4EkGjsAKdp2_4bake6update19perform_self_update
FNDA:0,_RNvNtCs4EkGjsAKdp2_4bake6update21get_update_check_file
FNDA:0,_RNvNtCs4EkGjsAKdp2_4bake6update24should_check_for_updates
FNDA:0,_RNvNtCs4EkGjsAKdp2_4bake6update24should_skip_update_check
FNDA:0,_RNvNtCs4EkGjsAKdp2_4bake6update27update_last_check_timestamp
FNDA:0,_RNvNtCs4EkGjsAKdp2_4bake6update31is_package_managed_installation
FNDA:0,_RNvXNtCs4EkGjsAKdp2_4bake6updateNtB2_12UpdateConfigNtNtCs4ZQmVerOrPM_4core7default7Default7default
FNDA:0,_RNCNvNtCs4EkGjsAKdp2_4bake6update21get_update_check_file0B5_
FNDA:0,_RNvNtCs1lk7uXtNODC_4bake6update19perform_self_update
FNDA:1,_RNvNtNtCs1lk7uXtNODC_4bake6update5testss_18test_is_prerelease
FNDA:1,_RNvNtNtCs1lk7uXtNODC_4bake6update5testss_22test_can_update_binary
FNDA:1,_RNvNtNtCs1lk7uXtNODC_4bake6update5testss_26test_update_config_default
FNDA:1,_RNvNtNtCs1lk7uXtNODC_4bake6update5testss_32test_update_last_check_timestamp
FNDA:1,_RNvNtNtCs1lk7uXtNODC_4bake6update5testss_35test_should_skip_update_check_in_ci
FNDA:1,_RNvNtNtCs1lk7uXtNODC_4bake6update5testss_36test_is_package_managed_installation
FNDA:1,_RNvNtNtCs1lk7uXtNODC_4bake6update5testss_37test_should_check_for_updates_no_file
FNDA:1,_RNvNtNtCs1lk7uXtNODC_4bake6update5testss_38test_should_skip_update_check_in_cargo
FNDA:1,_RNvNtNtCs1lk7uXtNODC_4bake6update5testss_41test_should_check_for_updates_force_check
FNDA:1,_RNvNtNtCs1lk7uXtNODC_4bake6update5testss_43test_should_check_for_updates_with_old_file
FNDA:1,_RNvNtNtCs1lk7uXtNODC_4bake6update5testss_44test_should_skip_update_check_github_actions
FNDA:1,_RNvNtNtCs1lk7uXtNODC_4bake6update5testss_46test_should_check_for_updates_with_recent_file
FNDA:1,_RNvNtNtCs1lk7uXtNODC_4bake6update5testss_48test_get_update_check_file_with_custom_cache_dir
FNDA:1,_RNvNtNtCs1lk7uXtNODC_4bake6update5testss_49test_get_update_check_file_with_default_cache_dir
FNDA:1,_RNvNtNtCs1lk7uXtNODC_4bake6update5testss_50test_is_package_managed_installation_with_symlinks
FNDA:1,_RNvNtNtCs1lk7uXtNODC_4bake6update5testss_52test_should_check_for_updates_invalid_timestamp_file
FNDA:1,_RNvNtNtCs1lk7uXtNODC_4bake6update5testss_52test_should_skip_update_check_continuous_integration
FNDA:1,_RNvNtNtCs1lk7uXtNODC_4bake6update5testss_61test_should_skip_update_check_detects_ci_and_dev_environments
FNDA:3,_RNCNvNtCs1lk7uXtNODC_4bake6update17check_for_updates0B5_
FNDA:0,_RNCNvNtCs1lk7uXtNODC_4bake6update21get_update_check_file0B5_
FNDA:6,_RNvNtCs1lk7uXtNODC_4bake6update13is_prerelease
FNDA:1,_RNvNtCs1lk7uXtNODC_4bake6update17can_update_binary
FNDA:3,_RNvNtCs1lk7uXtNODC_4bake6update17check_for_updates
FNDA:8,_RNvNtCs1lk7uXtNODC_4bake6update21get_update_check_file
FNDA:6,_RNvNtCs1lk7uXtNODC_4bake6update24should_check_for_updates
FNDA:8,_RNvNtCs1lk7uXtNODC_4bake6update24should_skip_update_check
FNDA:1,_RNvNtCs1lk7uXtNODC_4bake6update27update_last_check_timestamp
FNDA:11,_RNvNtCs1lk7uXtNODC_4bake6update31is_package_managed_installation
FNDA:2,_RNvXNtCs1lk7uXtNODC_4bake6updateNtB2_12UpdateConfigNtNtCs4ZQmVerOrPM_4core7default7Default7default
FNF:30
FNH:28
DA:23,2
DA:24,2
DA:25,2
DA:26,2
DA:27,2
DA:28,2
DA:29,2
DA:30,2
DA:34,8
DA:35,8
DA:36,7
DA:37,1
DA:38,1
DA:39,1
DA:42,8
DA:43,8
DA:44,8
DA:47,6
DA:48,6
DA:49,6
DA:50,6
DA:51,6
DA:53,6
DA:54,1
DA:55,5
DA:57,5
DA:58,5
DA:59,1
DA:60,4
DA:61,4
DA:62,4
DA:63,3
DA:64,3
DA:65,3
DA:66,6
DA:69,1
DA:70,1
DA:71,1
DA:72,1
DA:73,1
DA:74,1
DA:77,3
DA:78,3
DA:79,0
DA:80,3
DA:81,3
DA:82,3
DA:83,0
DA:84,0
DA:85,0
DA:86,0
DA:87,0
DA:88,0
DA:89,0
DA:90,0
DA:91,0
DA:92,0
DA:93,0
DA:94,0
DA:95,0
DA:97,0
DA:98,0
DA:99,0
DA:100,0
DA:101,0
DA:102,0
DA:103,0
DA:104,0
DA:105,0
DA:106,0
DA:107,0
DA:108,0
DA:109,0
DA:111,0
DA:112,0
DA:113,0
DA:115,0
DA:116,0
DA:117,0
DA:118,0
DA:120,0
DA:121,0
DA:123,0
DA:124,0
DA:125,0
DA:129,0
DA:130,0
DA:131,0
DA:132,0
DA:134,0
DA:135,0
DA:137,0
DA:138,0
DA:139,0
DA:141,0
DA:142,0
DA:145,0
DA:146,0
DA:149,0
DA:150,3
DA:153,0
DA:154,0
DA:157,0
DA:158,0
DA:159,0
DA:160,0
DA:161,0
DA:163,0
DA:164,0
DA:165,0
DA:168,0
DA:169,0
DA:170,0
DA:171,0
DA:172,0
DA:173,0
DA:174,0
DA:175,0
DA:176,0
DA:177,0
DA:178,0
DA:179,0
DA:180,0
DA:181,0
DA:182,0
DA:183,0
DA:184,0
DA:185,0
DA:186,0
DA:188,0
DA:189,0
DA:190,0
DA:193,0
DA:194,0
DA:195,0
DA:196,0
DA:197,0
DA:198,0
DA:200,0
DA:201,0
DA:202,0
DA:203,0
DA:204,0
DA:205,0
DA:206,0
DA:207,0
DA:209,0
DA:210,0
DA:213,0
DA:214,0
DA:215,0
DA:216,0
DA:218,0
DA:219,0
DA:221,0
DA:222,0
DA:223,0
DA:224,0
DA:226,0
DA:227,0
DA:228,0
DA:229,0
DA:230,0
DA:233,0
DA:235,0
DA:236,0
DA:237,0
DA:238,0
DA:240,0
DA:242,0
DA:243,0
DA:244,0
DA:247,0
DA:250,6
DA:251,6
DA:252,2
DA:253,2
DA:254,2
DA:255,6
DA:258,8
DA:260,8
DA:261,2
DA:262,6
DA:265,6
DA:266,5
DA:267,1
DA:270,1
DA:271,1
DA:272,1
DA:273,1
DA:274,0
DA:277,0
DA:278,0
DA:279,0
DA:280,0
DA:282,0
DA:283,8
DA:286,11
DA:287,11
DA:290,11
DA:291,10
DA:292,9
DA:293,8
DA:294,7
DA:295,6
DA:296,4
DA:298,7
DA:299,4
DA:302,4
DA:303,0
DA:304,0
DA:305,0
DA:306,0
DA:307,0
DA:309,0
DA:310,0
DA:311,4
DA:313,4
DA:314,11
DA:317,1
DA:318,1
DA:319,1
DA:321,1
DA:322,1
DA:325,0
DA:326,0
DA:327,0
DA:328,0
DA:329,0
DA:331,0
DA:336,0
DA:338,1
DA:347,1
DA:348,1
DA:349,1
DA:350,1
DA:351,1
DA:352,1
DA:353,1
DA:356,1
DA:357,1
DA:358,1
DA:359,1
DA:360,1
DA:363,1
DA:364,1
DA:365,1
DA:366,1
DA:367,1
DA:370,1
DA:371,1
DA:372,1
DA:373,1
DA:374,1
DA:375,1
DA:376,1
DA:377,1
DA:378,1
DA:380,1
DA:381,1
DA:384,1
DA:385,1
DA:386,1
DA:387,1
DA:389,1
DA:390,1
DA:391,1
DA:392,1
DA:393,1
DA:394,1
DA:395,1
DA:396,1
DA:397,1
DA:398,1
DA:399,1
DA:400,1
DA:401,1
DA:403,1
DA:404,1
DA:407,1
DA:408,1
DA:409,1
DA:410,1
DA:412,1
DA:413,1
DA:414,1
DA:415,1
DA:416,1
DA:417,1
DA:418,1
DA:419,1
DA:420,1
DA:421,1
DA:422,1
DA:423,1
DA:424,1
DA:426,1
DA:427,1
DA:430,1
DA:431,1
DA:432,1
DA:433,1
DA:435,1
DA:436,1
DA:437,1
DA:438,1
DA:439,1
DA:440,1
DA:441,1
DA:442,1
DA:443,1
DA:444,1
DA:445,1
DA:446,1
DA:447,1
DA:449,1
DA:451,1
DA:452,1
DA:455,1
DA:456,1
DA:457,1
DA:458,1
DA:459,1
DA:460,1
DA:461,1
DA:462,1
DA:465,1
DA:469,1
DA:470,1
DA:471,1
DA:472,1
DA:473,1
DA:474,1
DA:477,1
DA:478,1
DA:479,1
DA:480,1
DA:483,1
DA:484,1
DA:485,1
DA:486,1
DA:487,1
DA:488,1
DA:491,1
DA:492,1
DA:493,1
DA:496,1
DA:497,1
DA:498,1
DA:499,1
DA:500,1
DA:501,1
DA:502,1
DA:503,1
DA:504,1
DA:505,1
DA:508,1
DA:511,1
DA:512,1
DA:513,1
DA:516,1
DA:517,1
DA:520,1
DA:521,1
DA:522,1
DA:524,1
DA:525,1
DA:527,1
DA:528,1
DA:529,1
DA:530,1
DA:533,1
DA:534,1
DA:536,1
DA:537,1
DA:538,1
DA:539,1
DA:540,1
DA:543,1
DA:544,1
DA:545,1
DA:547,1
DA:548,1
DA:550,1
DA:551,1
DA:553,1
DA:554,1
DA:557,1
DA:558,1
DA:559,1
DA:560,1
DA:563,1
DA:566,1
DA:569,1
DA:570,1
DA:573,1
DA:580,1
DA:589,1
DA:593,1
DA:596,1
DA:597,1
DA:598,1
DA:599,1
DA:600,1
DA:603,1
DA:604,1
DA:605,1
DA:606,1
DA:607,1
DA:610,1
DA:611,1
DA:612,1
DA:613,1
DA:616,1
DA:618,1
DA:621,1
DA:622,1
DA:623,1
BRF:0
BRH:0
LF:420
LH:273
end_of_record